-------------------------------------------------------------------------------
Test set: com.example.controller.ReaderControllerTest
-------------------------------------------------------------------------------
Tests run: 9, Failures: 8, Errors: 1, Skipped: 0, Time elapsed: 0.213 s <<< FAILURE! - in com.example.controller.ReaderControllerTest
testDeleteReader_ValidId  Time elapsed: 0.028 s  <<< FAILURE!
java.lang.AssertionError: Flash attribute 'success' expected:<Xóa độc giả thành công> but was:<null>
	at com.example.controller.ReaderControllerTest.testDeleteReader_ValidId(ReaderControllerTest.java:109)

testDeleteReader_InvalidId  Time elapsed: 0.018 s  <<< FAILURE!
java.lang.AssertionError: Flash attribute 'error' expected:<Độc giả không tồn tại> but was:<Lỗi khi xóa độc giả: null>
	at com.example.controller.ReaderControllerTest.testDeleteReader_InvalidId(ReaderControllerTest.java:117)

testUpdateReader_InvalidId  Time elapsed: 0.023 s  <<< FAILURE!
java.lang.AssertionError: Flash attribute 'error' expected:<Độc giả không tồn tại> but was:<Lỗi khi cập nhật độc giả: null>
	at com.example.controller.ReaderControllerTest.testUpdateReader_InvalidId(ReaderControllerTest.java:101)

testShowReaders  Time elapsed: 0.04 s  <<< ERROR!
javax.servlet.ServletException: Circular view path [readers]: would dispatch back to the current handler URL [/readers] again. Check your ViewResolver setup! (Hint: This may be the result of an unspecified view, due to default view name generation.)
	at com.example.controller.ReaderControllerTest.testShowReaders(ReaderControllerTest.java:28)

testUpdateReader_Valid  Time elapsed: 0.011 s  <<< FAILURE!
java.lang.AssertionError: Flash attribute 'success' expected:<Cập nhật độc giả thành công> but was:<null>
	at com.example.controller.ReaderControllerTest.testUpdateReader_Valid(ReaderControllerTest.java:88)

testAddReader_InvalidId  Time elapsed: 0.016 s  <<< FAILURE!
java.lang.AssertionError: Flash attribute 'error' expected:<Vui lòng điền đầy đủ mã độc giả, tên và CCCD> but was:<Lỗi khi thêm độc giả: Vui lòng điền đầy đủ mã độc giả, tên và CCCD>
	at com.example.controller.ReaderControllerTest.testAddReader_InvalidId(ReaderControllerTest.java:58)

testAddReader_Valid  Time elapsed: 0.023 s  <<< FAILURE!
java.lang.AssertionError: Flash attribute 'success' expected:<Thêm độc giả thành công> but was:<null>
	at com.example.controller.ReaderControllerTest.testAddReader_Valid(ReaderControllerTest.java:45)

testShowEditReaderForm_InvalidId  Time elapsed: 0.026 s  <<< FAILURE!
java.lang.AssertionError: Flash attribute 'error' expected:<Độc giả không tồn tại> but was:<Lỗi khi hiển thị form sửa độc giả: null>
	at com.example.controller.ReaderControllerTest.testShowEditReaderForm_InvalidId(ReaderControllerTest.java:75)

testShowEditReaderForm_ValidId  Time elapsed: 0.024 s  <<< FAILURE!
java.lang.AssertionError: Status expected:<200> but was:<302>
	at com.example.controller.ReaderControllerTest.testShowEditReaderForm_ValidId(ReaderControllerTest.java:64)

