<?xml version="1.0" encoding="UTF-8"?>
<testsuite xmlns:xsi="http://www.w3.org/2001/XMLSchema-instance" xsi:noNamespaceSchemaLocation="https://maven.apache.org/surefire/maven-surefire-plugin/xsd/surefire-test-report.xsd" name="com.example.controller.ReaderControllerTest" time="0.213" tests="9" errors="1" skipped="0" failures="8">
  <properties>
[...]
</properties>
  <testcase name="testDeleteReader_ValidId" classname="com.example.controller.ReaderControllerTest" time="0.028">
    <failure message="Flash attribute &apos;success&apos; expected:&lt;Xóa độc giả thành công&gt; but was:&lt;null&gt;" type="java.lang.AssertionError"><![CDATA[java.lang.AssertionError: Flash attribute 'success' expected:<Xóa độc giả thành công> but was:<null>
	at com.example.controller.ReaderControllerTest.testDeleteReader_ValidId(ReaderControllerTest.java:109)
]]></failure>
    <system-out><![CDATA[18:18:43.852 [main] DEBUG _org.springframework.web.servlet.HandlerMapping.Mappings - 
	c.e.c.ReaderController:
	{GET [/readers]}: showReaders(Model,String)
	{POST [/readers/update]}: updateReader(Reader,RedirectAttributes)
	{GET [/readers/edit/{id}]}: showEditReaderForm(String,Model,RedirectAttributes)
	{GET [/readers/delete/{id}]}: deleteReader(String,RedirectAttributes)
	{POST [/readers/add]}: addReader(Reader,RedirectAttributes)
18:18:43.855 [main] DEBUG org.springframework.web.servlet.mvc.method.annotation.RequestMappingHandlerMapping - 5 mappings in org.springframework.web.servlet.mvc.method.annotation.RequestMappingHandlerMapping
18:18:43.877 [main] DEBUG org.springframework.web.servlet.mvc.method.annotation.RequestMappingHandlerAdapter - ControllerAdvice beans: 0 @ModelAttribute, 0 @InitBinder, 1 RequestBodyAdvice, 1 ResponseBodyAdvice
18:18:43.878 [main] DEBUG org.springframework.web.servlet.mvc.method.annotation.ExceptionHandlerExceptionResolver - ControllerAdvice beans: 0 @ExceptionHandler, 1 ResponseBodyAdvice
18:18:43.881 [main] INFO org.springframework.mock.web.MockServletContext - Initializing Spring TestDispatcherServlet ''
18:18:43.881 [main] INFO org.springframework.test.web.servlet.TestDispatcherServlet - Initializing Servlet ''
18:18:43.881 [main] DEBUG org.springframework.test.web.servlet.TestDispatcherServlet - Detected AcceptHeaderLocaleResolver
18:18:43.881 [main] DEBUG org.springframework.test.web.servlet.TestDispatcherServlet - Detected FixedThemeResolver
18:18:43.881 [main] DEBUG org.springframework.test.web.servlet.TestDispatcherServlet - Detected org.springframework.web.servlet.view.DefaultRequestToViewNameTranslator@45cec376
18:18:43.881 [main] DEBUG org.springframework.test.web.servlet.TestDispatcherServlet - Detected org.springframework.web.servlet.support.SessionFlashMapManager@26d41711
18:18:43.881 [main] DEBUG org.springframework.test.web.servlet.TestDispatcherServlet - enableLoggingRequestDetails='false': request parameters and headers will be masked to prevent unsafe logging of potentially sensitive data
18:18:43.881 [main] INFO org.springframework.test.web.servlet.TestDispatcherServlet - Completed initialization in 0 ms
18:18:43.882 [main] DEBUG org.springframework.test.web.servlet.TestDispatcherServlet - GET "/readers/delete/R1", parameters={}
18:18:43.884 [main] DEBUG org.springframework.web.servlet.mvc.method.annotation.RequestMappingHandlerMapping - Mapped to com.example.controller.ReaderController#deleteReader(String, RedirectAttributes)
Hoàn tất thao tác xóa độc giả
18:18:43.885 [main] DEBUG org.springframework.web.servlet.view.RedirectView - View [RedirectView], model {}
18:18:43.886 [main] DEBUG org.springframework.test.web.servlet.TestDispatcherServlet - Completed 302 FOUND
]]></system-out>
  </testcase>
  <testcase name="testDeleteReader_InvalidId" classname="com.example.controller.ReaderControllerTest" time="0.018">
    <failure message="Flash attribute &apos;error&apos; expected:&lt;Độc giả không tồn tại&gt; but was:&lt;Lỗi khi xóa độc giả: null&gt;" type="java.lang.AssertionError"><![CDATA[java.lang.AssertionError: Flash attribute 'error' expected:<Độc giả không tồn tại> but was:<Lỗi khi xóa độc giả: null>
	at com.example.controller.ReaderControllerTest.testDeleteReader_InvalidId(ReaderControllerTest.java:117)
]]></failure>
    <system-out><![CDATA[18:18:43.891 [main] DEBUG _org.springframework.web.servlet.HandlerMapping.Mappings - 
	c.e.c.ReaderController:
	{GET [/readers]}: showReaders(Model,String)
	{POST [/readers/update]}: updateReader(Reader,RedirectAttributes)
	{GET [/readers/edit/{id}]}: showEditReaderForm(String,Model,RedirectAttributes)
	{GET [/readers/delete/{id}]}: deleteReader(String,RedirectAttributes)
	{POST [/readers/add]}: addReader(Reader,RedirectAttributes)
18:18:43.892 [main] DEBUG org.springframework.web.servlet.mvc.method.annotation.RequestMappingHandlerMapping - 5 mappings in org.springframework.web.servlet.mvc.method.annotation.RequestMappingHandlerMapping
18:18:43.897 [main] DEBUG org.springframework.web.servlet.mvc.method.annotation.RequestMappingHandlerAdapter - ControllerAdvice beans: 0 @ModelAttribute, 0 @InitBinder, 1 RequestBodyAdvice, 1 ResponseBodyAdvice
18:18:43.898 [main] DEBUG org.springframework.web.servlet.mvc.method.annotation.ExceptionHandlerExceptionResolver - ControllerAdvice beans: 0 @ExceptionHandler, 1 ResponseBodyAdvice
18:18:43.898 [main] INFO org.springframework.mock.web.MockServletContext - Initializing Spring TestDispatcherServlet ''
18:18:43.898 [main] INFO org.springframework.test.web.servlet.TestDispatcherServlet - Initializing Servlet ''
18:18:43.898 [main] DEBUG org.springframework.test.web.servlet.TestDispatcherServlet - Detected AcceptHeaderLocaleResolver
18:18:43.898 [main] DEBUG org.springframework.test.web.servlet.TestDispatcherServlet - Detected FixedThemeResolver
18:18:43.898 [main] DEBUG org.springframework.test.web.servlet.TestDispatcherServlet - Detected org.springframework.web.servlet.view.DefaultRequestToViewNameTranslator@663bb8ef
18:18:43.898 [main] DEBUG org.springframework.test.web.servlet.TestDispatcherServlet - Detected org.springframework.web.servlet.support.SessionFlashMapManager@2f4e40d7
18:18:43.898 [main] DEBUG org.springframework.test.web.servlet.TestDispatcherServlet - enableLoggingRequestDetails='false': request parameters and headers will be masked to prevent unsafe logging of potentially sensitive data
18:18:43.898 [main] INFO org.springframework.test.web.servlet.TestDispatcherServlet - Completed initialization in 0 ms
18:18:43.899 [main] DEBUG org.springframework.test.web.servlet.TestDispatcherServlet - GET "/readers/delete/R999", parameters={}
18:18:43.899 [main] DEBUG org.springframework.web.servlet.mvc.method.annotation.RequestMappingHandlerMapping - Mapped to com.example.controller.ReaderController#deleteReader(String, RedirectAttributes)
Hoàn tất thao tác xóa độc giả
18:18:43.901 [main] DEBUG org.springframework.web.servlet.view.RedirectView - View [RedirectView], model {}
18:18:43.901 [main] DEBUG org.springframework.test.web.servlet.TestDispatcherServlet - Completed 302 FOUND
]]></system-out>
  </testcase>
  <testcase name="testUpdateReader_InvalidId" classname="com.example.controller.ReaderControllerTest" time="0.023">
    <failure message="Flash attribute &apos;error&apos; expected:&lt;Độc giả không tồn tại&gt; but was:&lt;Lỗi khi cập nhật độc giả: null&gt;" type="java.lang.AssertionError"><![CDATA[java.lang.AssertionError: Flash attribute 'error' expected:<Độc giả không tồn tại> but was:<Lỗi khi cập nhật độc giả: null>
	at com.example.controller.ReaderControllerTest.testUpdateReader_InvalidId(ReaderControllerTest.java:101)
]]></failure>
    <system-out><![CDATA[18:18:43.903 [main] DEBUG _org.springframework.web.servlet.HandlerMapping.Mappings - 
	c.e.c.ReaderController:
	{GET [/readers]}: showReaders(Model,String)
	{POST [/readers/update]}: updateReader(Reader,RedirectAttributes)
	{GET [/readers/edit/{id}]}: showEditReaderForm(String,Model,RedirectAttributes)
	{GET [/readers/delete/{id}]}: deleteReader(String,RedirectAttributes)
	{POST [/readers/add]}: addReader(Reader,RedirectAttributes)
18:18:43.904 [main] DEBUG org.springframework.web.servlet.mvc.method.annotation.RequestMappingHandlerMapping - 5 mappings in org.springframework.web.servlet.mvc.method.annotation.RequestMappingHandlerMapping
18:18:43.906 [main] DEBUG org.springframework.web.servlet.mvc.method.annotation.RequestMappingHandlerAdapter - ControllerAdvice beans: 0 @ModelAttribute, 0 @InitBinder, 1 RequestBodyAdvice, 1 ResponseBodyAdvice
18:18:43.907 [main] DEBUG org.springframework.web.servlet.mvc.method.annotation.ExceptionHandlerExceptionResolver - ControllerAdvice beans: 0 @ExceptionHandler, 1 ResponseBodyAdvice
18:18:43.907 [main] INFO org.springframework.mock.web.MockServletContext - Initializing Spring TestDispatcherServlet ''
18:18:43.907 [main] INFO org.springframework.test.web.servlet.TestDispatcherServlet - Initializing Servlet ''
18:18:43.907 [main] DEBUG org.springframework.test.web.servlet.TestDispatcherServlet - Detected AcceptHeaderLocaleResolver
18:18:43.907 [main] DEBUG org.springframework.test.web.servlet.TestDispatcherServlet - Detected FixedThemeResolver
18:18:43.907 [main] DEBUG org.springframework.test.web.servlet.TestDispatcherServlet - Detected org.springframework.web.servlet.view.DefaultRequestToViewNameTranslator@3650d4fc
18:18:43.907 [main] DEBUG org.springframework.test.web.servlet.TestDispatcherServlet - Detected org.springframework.web.servlet.support.SessionFlashMapManager@aaa0f76
18:18:43.907 [main] DEBUG org.springframework.test.web.servlet.TestDispatcherServlet - enableLoggingRequestDetails='false': request parameters and headers will be masked to prevent unsafe logging of potentially sensitive data
18:18:43.907 [main] INFO org.springframework.test.web.servlet.TestDispatcherServlet - Completed initialization in 0 ms
18:18:43.908 [main] DEBUG org.springframework.test.web.servlet.TestDispatcherServlet - POST "/readers/update", parameters={masked}
18:18:43.908 [main] DEBUG org.springframework.web.servlet.mvc.method.annotation.RequestMappingHandlerMapping - Mapped to com.example.controller.ReaderController#updateReader(Reader, RedirectAttributes)
Hoàn tất thiết lập ngày sinh
Hoàn tất thiết lập CCCD
Hoàn tất thiết lập mã độc giả
Hoàn tất thiết lập tên độc giả
Hoàn tất thiết lập số điện thoại
Hoàn tất thao tác cập nhật độc giả
18:18:43.920 [main] DEBUG org.springframework.web.servlet.view.RedirectView - View [RedirectView], model {}
18:18:43.920 [main] DEBUG org.springframework.test.web.servlet.TestDispatcherServlet - Completed 302 FOUND
]]></system-out>
  </testcase>
  <testcase name="testShowReaders" classname="com.example.controller.ReaderControllerTest" time="0.04">
    <error message="Circular view path [readers]: would dispatch back to the current handler URL [/readers] again. Check your ViewResolver setup! (Hint: This may be the result of an unspecified view, due to default view name generation.)" type="javax.servlet.ServletException">javax.servlet.ServletException: Circular view path [readers]: would dispatch back to the current handler URL [/readers] again. Check your ViewResolver setup! (Hint: This may be the result of an unspecified view, due to default view name generation.)
	at com.example.controller.ReaderControllerTest.testShowReaders(ReaderControllerTest.java:28)
</error>
    <system-out><![CDATA[18:18:43.937 [main] DEBUG _org.springframework.web.servlet.HandlerMapping.Mappings - 
	c.e.c.ReaderController:
	{GET [/readers]}: showReaders(Model,String)
	{POST [/readers/update]}: updateReader(Reader,RedirectAttributes)
	{GET [/readers/edit/{id}]}: showEditReaderForm(String,Model,RedirectAttributes)
	{GET [/readers/delete/{id}]}: deleteReader(String,RedirectAttributes)
	{POST [/readers/add]}: addReader(Reader,RedirectAttributes)
18:18:43.939 [main] DEBUG org.springframework.web.servlet.mvc.method.annotation.RequestMappingHandlerMapping - 5 mappings in org.springframework.web.servlet.mvc.method.annotation.RequestMappingHandlerMapping
18:18:43.941 [main] DEBUG org.springframework.web.servlet.mvc.method.annotation.RequestMappingHandlerAdapter - ControllerAdvice beans: 0 @ModelAttribute, 0 @InitBinder, 1 RequestBodyAdvice, 1 ResponseBodyAdvice
18:18:43.946 [main] DEBUG org.springframework.web.servlet.mvc.method.annotation.ExceptionHandlerExceptionResolver - ControllerAdvice beans: 0 @ExceptionHandler, 1 ResponseBodyAdvice
18:18:43.946 [main] INFO org.springframework.mock.web.MockServletContext - Initializing Spring TestDispatcherServlet ''
18:18:43.946 [main] INFO org.springframework.test.web.servlet.TestDispatcherServlet - Initializing Servlet ''
18:18:43.947 [main] DEBUG org.springframework.test.web.servlet.TestDispatcherServlet - Detected AcceptHeaderLocaleResolver
18:18:43.947 [main] DEBUG org.springframework.test.web.servlet.TestDispatcherServlet - Detected FixedThemeResolver
18:18:43.947 [main] DEBUG org.springframework.test.web.servlet.TestDispatcherServlet - Detected org.springframework.web.servlet.view.DefaultRequestToViewNameTranslator@f6de586
18:18:43.947 [main] DEBUG org.springframework.test.web.servlet.TestDispatcherServlet - Detected org.springframework.web.servlet.support.SessionFlashMapManager@5f2bd6d9
18:18:43.947 [main] DEBUG org.springframework.test.web.servlet.TestDispatcherServlet - enableLoggingRequestDetails='false': request parameters and headers will be masked to prevent unsafe logging of potentially sensitive data
18:18:43.947 [main] INFO org.springframework.test.web.servlet.TestDispatcherServlet - Completed initialization in 0 ms
18:18:43.947 [main] DEBUG org.springframework.test.web.servlet.TestDispatcherServlet - GET "/readers", parameters={}
18:18:43.947 [main] DEBUG org.springframework.web.servlet.mvc.method.annotation.RequestMappingHandlerMapping - Mapped to com.example.controller.ReaderController#showReaders(Model, String)
Hoàn tất hiển thị danh sách độc giả
18:18:43.949 [main] DEBUG org.springframework.web.servlet.view.InternalResourceView - View [InternalResourceView], model {error=Lỗi khi hiển thị danh sách độc giả: null}
18:18:43.950 [main] DEBUG org.springframework.test.web.servlet.TestDispatcherServlet - Error rendering view [org.springframework.web.servlet.view.InternalResourceView: [InternalResourceView]; URL [readers]]
javax.servlet.ServletException: Circular view path [readers]: would dispatch back to the current handler URL [/readers] again. Check your ViewResolver setup! (Hint: This may be the result of an unspecified view, due to default view name generation.)
	at org.springframework.web.servlet.view.InternalResourceView.prepareForRendering(InternalResourceView.java:210)
	at org.springframework.web.servlet.view.InternalResourceView.renderMergedOutputModel(InternalResourceView.java:148)
	at org.springframework.web.servlet.view.AbstractView.render(AbstractView.java:316)
	at org.springframework.web.servlet.DispatcherServlet.render(DispatcherServlet.java:1406)
	at org.springframework.test.web.servlet.TestDispatcherServlet.render(TestDispatcherServlet.java:137)
	at org.springframework.web.servlet.DispatcherServlet.processDispatchResult(DispatcherServlet.java:1150)
	at org.springframework.web.servlet.DispatcherServlet.doDispatch(DispatcherServlet.java:1089)
	at org.springframework.web.servlet.DispatcherServlet.doService(DispatcherServlet.java:965)
	at org.springframework.web.servlet.FrameworkServlet.processRequest(FrameworkServlet.java:1006)
	at org.springframework.web.servlet.FrameworkServlet.doGet(FrameworkServlet.java:898)
	at javax.servlet.http.HttpServlet.service(HttpServlet.java:529)
	at org.springframework.web.servlet.FrameworkServlet.service(FrameworkServlet.java:883)
	at org.springframework.test.web.servlet.TestDispatcherServlet.service(TestDispatcherServlet.java:72)
	at javax.servlet.http.HttpServlet.service(HttpServlet.java:623)
	at org.springframework.mock.web.MockFilterChain$ServletFilterProxy.doFilter(MockFilterChain.java:167)
	at org.springframework.mock.web.MockFilterChain.doFilter(MockFilterChain.java:134)
	at org.springframework.test.web.servlet.MockMvc.perform(MockMvc.java:201)
	at com.example.controller.ReaderControllerTest.testShowReaders(ReaderControllerTest.java:28)
	at java.base/jdk.internal.reflect.NativeMethodAccessorImpl.invoke0(Native Method)
	at java.base/jdk.internal.reflect.NativeMethodAccessorImpl.invoke(NativeMethodAccessorImpl.java:62)
	at java.base/jdk.internal.reflect.DelegatingMethodAccessorImpl.invoke(DelegatingMethodAccessorImpl.java:43)
	at java.base/java.lang.reflect.Method.invoke(Method.java:566)
	at org.junit.platform.commons.util.ReflectionUtils.invokeMethod(ReflectionUtils.java:725)
	at org.junit.jupiter.engine.execution.MethodInvocation.proceed(MethodInvocation.java:60)
	at org.junit.jupiter.engine.execution.InvocationInterceptorChain$ValidatingInvocation.proceed(InvocationInterceptorChain.java:131)
	at org.junit.jupiter.engine.extension.TimeoutExtension.intercept(TimeoutExtension.java:149)
	at org.junit.jupiter.engine.extension.TimeoutExtension.interceptTestableMethod(TimeoutExtension.java:140)
	at org.junit.jupiter.engine.extension.TimeoutExtension.interceptTestMethod(TimeoutExtension.java:84)
	at org.junit.jupiter.engine.execution.ExecutableInvoker$ReflectiveInterceptorCall.lambda$ofVoidMethod$0(ExecutableInvoker.java:115)
	at org.junit.jupiter.engine.execution.ExecutableInvoker.lambda$invoke$0(ExecutableInvoker.java:105)
	at org.junit.jupiter.engine.execution.InvocationInterceptorChain$InterceptedInvocation.proceed(InvocationInterceptorChain.java:106)
	at org.junit.jupiter.engine.execution.InvocationInterceptorChain.proceed(InvocationInterceptorChain.java:64)
	at org.junit.jupiter.engine.execution.InvocationInterceptorChain.chainAndInvoke(InvocationInterceptorChain.java:45)
	at org.junit.jupiter.engine.execution.InvocationInterceptorChain.invoke(InvocationInterceptorChain.java:37)
	at org.junit.jupiter.engine.execution.ExecutableInvoker.invoke(ExecutableInvoker.java:104)
	at org.junit.jupiter.engine.execution.ExecutableInvoker.invoke(ExecutableInvoker.java:98)
	at org.junit.jupiter.engine.descriptor.TestMethodTestDescriptor.lambda$invokeTestMethod$7(TestMethodTestDescriptor.java:214)
	at org.junit.platform.engine.support.hierarchical.ThrowableCollector.execute(ThrowableCollector.java:73)
	at org.junit.jupiter.engine.descriptor.TestMethodTestDescriptor.invokeTestMethod(TestMethodTestDescriptor.java:210)
	at org.junit.jupiter.engine.descriptor.TestMethodTestDescriptor.execute(TestMethodTestDescriptor.java:135)
	at org.junit.jupiter.engine.descriptor.TestMethodTestDescriptor.execute(TestMethodTestDescriptor.java:66)
	at org.junit.platform.engine.support.hierarchical.NodeTestTask.lambda$executeRecursively$6(NodeTestTask.java:151)
	at org.junit.platform.engine.support.hierarchical.ThrowableCollector.execute(ThrowableCollector.java:73)
	at org.junit.platform.engine.support.hierarchical.NodeTestTask.lambda$executeRecursively$8(NodeTestTask.java:141)
	at org.junit.platform.engine.support.hierarchical.Node.around(Node.java:137)
	at org.junit.platform.engine.support.hierarchical.NodeTestTask.lambda$executeRecursively$9(NodeTestTask.java:139)
	at org.junit.platform.engine.support.hierarchical.ThrowableCollector.execute(ThrowableCollector.java:73)
	at org.junit.platform.engine.support.hierarchical.NodeTestTask.executeRecursively(NodeTestTask.java:138)
	at org.junit.platform.engine.support.hierarchical.NodeTestTask.execute(NodeTestTask.java:95)
	at java.base/java.util.ArrayList.forEach(ArrayList.java:1541)
	at org.junit.platform.engine.support.hierarchical.SameThreadHierarchicalTestExecutorService.invokeAll(SameThreadHierarchicalTestExecutorService.java:41)
	at org.junit.platform.engine.support.hierarchical.NodeTestTask.lambda$executeRecursively$6(NodeTestTask.java:155)
	at org.junit.platform.engine.support.hierarchical.ThrowableCollector.execute(ThrowableCollector.java:73)
	at org.junit.platform.engine.support.hierarchical.NodeTestTask.lambda$executeRecursively$8(NodeTestTask.java:141)
	at org.junit.platform.engine.support.hierarchical.Node.around(Node.java:137)
	at org.junit.platform.engine.support.hierarchical.NodeTestTask.lambda$executeRecursively$9(NodeTestTask.java:139)
	at org.junit.platform.engine.support.hierarchical.ThrowableCollector.execute(ThrowableCollector.java:73)
	at org.junit.platform.engine.support.hierarchical.NodeTestTask.executeRecursively(NodeTestTask.java:138)
	at org.junit.platform.engine.support.hierarchical.NodeTestTask.execute(NodeTestTask.java:95)
	at java.base/java.util.ArrayList.forEach(ArrayList.java:1541)
	at org.junit.platform.engine.support.hierarchical.SameThreadHierarchicalTestExecutorService.invokeAll(SameThreadHierarchicalTestExecutorService.java:41)
	at org.junit.platform.engine.support.hierarchical.NodeTestTask.lambda$executeRecursively$6(NodeTestTask.java:155)
	at org.junit.platform.engine.support.hierarchical.ThrowableCollector.execute(ThrowableCollector.java:73)
	at org.junit.platform.engine.support.hierarchical.NodeTestTask.lambda$executeRecursively$8(NodeTestTask.java:141)
	at org.junit.platform.engine.support.hierarchical.Node.around(Node.java:137)
	at org.junit.platform.engine.support.hierarchical.NodeTestTask.lambda$executeRecursively$9(NodeTestTask.java:139)
	at org.junit.platform.engine.support.hierarchical.ThrowableCollector.execute(ThrowableCollector.java:73)
	at org.junit.platform.engine.support.hierarchical.NodeTestTask.executeRecursively(NodeTestTask.java:138)
	at org.junit.platform.engine.support.hierarchical.NodeTestTask.execute(NodeTestTask.java:95)
	at org.junit.platform.engine.support.hierarchical.SameThreadHierarchicalTestExecutorService.submit(SameThreadHierarchicalTestExecutorService.java:35)
	at org.junit.platform.engine.support.hierarchical.HierarchicalTestExecutor.execute(HierarchicalTestExecutor.java:57)
	at org.junit.platform.engine.support.hierarchical.HierarchicalTestEngine.execute(HierarchicalTestEngine.java:54)
	at org.junit.platform.launcher.core.DefaultLauncher.execute(DefaultLauncher.java:220)
	at org.junit.platform.launcher.core.DefaultLauncher.lambda$execute$6(DefaultLauncher.java:188)
	at org.junit.platform.launcher.core.DefaultLauncher.withInterceptedStreams(DefaultLauncher.java:202)
	at org.junit.platform.launcher.core.DefaultLauncher.execute(DefaultLauncher.java:181)
	at org.junit.platform.launcher.core.DefaultLauncher.execute(DefaultLauncher.java:128)
	at org.apache.maven.surefire.junitplatform.JUnitPlatformProvider.invokeAllTests(JUnitPlatformProvider.java:150)
	at org.apache.maven.surefire.junitplatform.JUnitPlatformProvider.invoke(JUnitPlatformProvider.java:124)
	at org.apache.maven.surefire.booter.ForkedBooter.invokeProviderInSameClassLoader(ForkedBooter.java:384)
	at org.apache.maven.surefire.booter.ForkedBooter.runSuitesInProcess(ForkedBooter.java:345)
	at org.apache.maven.surefire.booter.ForkedBooter.execute(ForkedBooter.java:126)
	at org.apache.maven.surefire.booter.ForkedBooter.main(ForkedBooter.java:418)
18:18:43.950 [main] DEBUG org.springframework.test.web.servlet.TestDispatcherServlet - Failed to complete request: javax.servlet.ServletException: Circular view path [readers]: would dispatch back to the current handler URL [/readers] again. Check your ViewResolver setup! (Hint: This may be the result of an unspecified view, due to default view name generation.)
]]></system-out>
  </testcase>
  <testcase name="testUpdateReader_Valid" classname="com.example.controller.ReaderControllerTest" time="0.011">
    <failure message="Flash attribute &apos;success&apos; expected:&lt;Cập nhật độc giả thành công&gt; but was:&lt;null&gt;" type="java.lang.AssertionError"><![CDATA[java.lang.AssertionError: Flash attribute 'success' expected:<Cập nhật độc giả thành công> but was:<null>
	at com.example.controller.ReaderControllerTest.testUpdateReader_Valid(ReaderControllerTest.java:88)
]]></failure>
    <system-out><![CDATA[18:18:43.963 [main] DEBUG _org.springframework.web.servlet.HandlerMapping.Mappings - 
	c.e.c.ReaderController:
	{GET [/readers]}: showReaders(Model,String)
	{POST [/readers/update]}: updateReader(Reader,RedirectAttributes)
	{GET [/readers/edit/{id}]}: showEditReaderForm(String,Model,RedirectAttributes)
	{GET [/readers/delete/{id}]}: deleteReader(String,RedirectAttributes)
	{POST [/readers/add]}: addReader(Reader,RedirectAttributes)
18:18:43.963 [main] DEBUG org.springframework.web.servlet.mvc.method.annotation.RequestMappingHandlerMapping - 5 mappings in org.springframework.web.servlet.mvc.method.annotation.RequestMappingHandlerMapping
18:18:43.971 [main] DEBUG org.springframework.web.servlet.mvc.method.annotation.RequestMappingHandlerAdapter - ControllerAdvice beans: 0 @ModelAttribute, 0 @InitBinder, 1 RequestBodyAdvice, 1 ResponseBodyAdvice
18:18:43.972 [main] DEBUG org.springframework.web.servlet.mvc.method.annotation.ExceptionHandlerExceptionResolver - ControllerAdvice beans: 0 @ExceptionHandler, 1 ResponseBodyAdvice
18:18:43.977 [main] INFO org.springframework.mock.web.MockServletContext - Initializing Spring TestDispatcherServlet ''
18:18:43.977 [main] INFO org.springframework.test.web.servlet.TestDispatcherServlet - Initializing Servlet ''
18:18:43.977 [main] DEBUG org.springframework.test.web.servlet.TestDispatcherServlet - Detected AcceptHeaderLocaleResolver
18:18:43.977 [main] DEBUG org.springframework.test.web.servlet.TestDispatcherServlet - Detected FixedThemeResolver
18:18:43.977 [main] DEBUG org.springframework.test.web.servlet.TestDispatcherServlet - Detected org.springframework.web.servlet.view.DefaultRequestToViewNameTranslator@71e4b308
18:18:43.977 [main] DEBUG org.springframework.test.web.servlet.TestDispatcherServlet - Detected org.springframework.web.servlet.support.SessionFlashMapManager@11900483
18:18:43.977 [main] DEBUG org.springframework.test.web.servlet.TestDispatcherServlet - enableLoggingRequestDetails='false': request parameters and headers will be masked to prevent unsafe logging of potentially sensitive data
18:18:43.977 [main] INFO org.springframework.test.web.servlet.TestDispatcherServlet - Completed initialization in 0 ms
18:18:43.978 [main] DEBUG org.springframework.test.web.servlet.TestDispatcherServlet - POST "/readers/update", parameters={masked}
18:18:43.978 [main] DEBUG org.springframework.web.servlet.mvc.method.annotation.RequestMappingHandlerMapping - Mapped to com.example.controller.ReaderController#updateReader(Reader, RedirectAttributes)
Hoàn tất thiết lập ngày sinh
Hoàn tất thiết lập CCCD
Hoàn tất thiết lập mã độc giả
Hoàn tất thiết lập tên độc giả
Hoàn tất thiết lập số điện thoại
Hoàn tất thao tác cập nhật độc giả
18:18:43.979 [main] DEBUG org.springframework.web.servlet.view.RedirectView - View [RedirectView], model {}
18:18:43.979 [main] DEBUG org.springframework.test.web.servlet.TestDispatcherServlet - Completed 302 FOUND
]]></system-out>
  </testcase>
  <testcase name="testAddReader_InvalidId" classname="com.example.controller.ReaderControllerTest" time="0.016">
    <failure message="Flash attribute &apos;error&apos; expected:&lt;Vui lòng điền đầy đủ mã độc giả, tên và CCCD&gt; but was:&lt;Lỗi khi thêm độc giả: Vui lòng điền đầy đủ mã độc giả, tên và CCCD&gt;" type="java.lang.AssertionError"><![CDATA[java.lang.AssertionError: Flash attribute 'error' expected:<Vui lòng điền đầy đủ mã độc giả, tên và CCCD> but was:<Lỗi khi thêm độc giả: Vui lòng điền đầy đủ mã độc giả, tên và CCCD>
	at com.example.controller.ReaderControllerTest.testAddReader_InvalidId(ReaderControllerTest.java:58)
]]></failure>
    <system-out><![CDATA[18:18:43.983 [main] DEBUG _org.springframework.web.servlet.HandlerMapping.Mappings - 
	c.e.c.ReaderController:
	{GET [/readers]}: showReaders(Model,String)
	{POST [/readers/update]}: updateReader(Reader,RedirectAttributes)
	{GET [/readers/edit/{id}]}: showEditReaderForm(String,Model,RedirectAttributes)
	{GET [/readers/delete/{id}]}: deleteReader(String,RedirectAttributes)
	{POST [/readers/add]}: addReader(Reader,RedirectAttributes)
18:18:43.985 [main] DEBUG org.springframework.web.servlet.mvc.method.annotation.RequestMappingHandlerMapping - 5 mappings in org.springframework.web.servlet.mvc.method.annotation.RequestMappingHandlerMapping
18:18:43.987 [main] DEBUG org.springframework.web.servlet.mvc.method.annotation.RequestMappingHandlerAdapter - ControllerAdvice beans: 0 @ModelAttribute, 0 @InitBinder, 1 RequestBodyAdvice, 1 ResponseBodyAdvice
18:18:43.990 [main] DEBUG org.springframework.web.servlet.mvc.method.annotation.ExceptionHandlerExceptionResolver - ControllerAdvice beans: 0 @ExceptionHandler, 1 ResponseBodyAdvice
18:18:43.991 [main] INFO org.springframework.mock.web.MockServletContext - Initializing Spring TestDispatcherServlet ''
18:18:43.991 [main] INFO org.springframework.test.web.servlet.TestDispatcherServlet - Initializing Servlet ''
18:18:43.991 [main] DEBUG org.springframework.test.web.servlet.TestDispatcherServlet - Detected AcceptHeaderLocaleResolver
18:18:43.991 [main] DEBUG org.springframework.test.web.servlet.TestDispatcherServlet - Detected FixedThemeResolver
18:18:43.991 [main] DEBUG org.springframework.test.web.servlet.TestDispatcherServlet - Detected org.springframework.web.servlet.view.DefaultRequestToViewNameTranslator@5a3a1bf9
18:18:43.991 [main] DEBUG org.springframework.test.web.servlet.TestDispatcherServlet - Detected org.springframework.web.servlet.support.SessionFlashMapManager@2100d047
18:18:43.991 [main] DEBUG org.springframework.test.web.servlet.TestDispatcherServlet - enableLoggingRequestDetails='false': request parameters and headers will be masked to prevent unsafe logging of potentially sensitive data
18:18:43.991 [main] INFO org.springframework.test.web.servlet.TestDispatcherServlet - Completed initialization in 0 ms
18:18:43.993 [main] DEBUG org.springframework.test.web.servlet.TestDispatcherServlet - POST "/readers/add", parameters={masked}
18:18:43.993 [main] DEBUG org.springframework.web.servlet.mvc.method.annotation.RequestMappingHandlerMapping - Mapped to com.example.controller.ReaderController#addReader(Reader, RedirectAttributes)
Hoàn tất thiết lập ngày sinh
Hoàn tất thiết lập CCCD
Hoàn tất thiết lập mã độc giả
Hoàn tất thiết lập tên độc giả
Hoàn tất thiết lập số điện thoại
Hoàn tất thao tác thêm độc giả
18:18:43.994 [main] DEBUG org.springframework.web.servlet.view.RedirectView - View [RedirectView], model {}
18:18:43.994 [main] DEBUG org.springframework.test.web.servlet.TestDispatcherServlet - Completed 302 FOUND
]]></system-out>
  </testcase>
  <testcase name="testAddReader_Valid" classname="com.example.controller.ReaderControllerTest" time="0.023">
    <failure message="Flash attribute &apos;success&apos; expected:&lt;Thêm độc giả thành công&gt; but was:&lt;null&gt;" type="java.lang.AssertionError"><![CDATA[java.lang.AssertionError: Flash attribute 'success' expected:<Thêm độc giả thành công> but was:<null>
	at com.example.controller.ReaderControllerTest.testAddReader_Valid(ReaderControllerTest.java:45)
]]></failure>
    <system-out><![CDATA[18:18:44.000 [main] DEBUG _org.springframework.web.servlet.HandlerMapping.Mappings - 
	c.e.c.ReaderController:
	{GET [/readers]}: showReaders(Model,String)
	{POST [/readers/update]}: updateReader(Reader,RedirectAttributes)
	{GET [/readers/edit/{id}]}: showEditReaderForm(String,Model,RedirectAttributes)
	{GET [/readers/delete/{id}]}: deleteReader(String,RedirectAttributes)
	{POST [/readers/add]}: addReader(Reader,RedirectAttributes)
18:18:44.001 [main] DEBUG org.springframework.web.servlet.mvc.method.annotation.RequestMappingHandlerMapping - 5 mappings in org.springframework.web.servlet.mvc.method.annotation.RequestMappingHandlerMapping
18:18:44.005 [main] DEBUG org.springframework.web.servlet.mvc.method.annotation.RequestMappingHandlerAdapter - ControllerAdvice beans: 0 @ModelAttribute, 0 @InitBinder, 1 RequestBodyAdvice, 1 ResponseBodyAdvice
18:18:44.010 [main] DEBUG org.springframework.web.servlet.mvc.method.annotation.ExceptionHandlerExceptionResolver - ControllerAdvice beans: 0 @ExceptionHandler, 1 ResponseBodyAdvice
18:18:44.010 [main] INFO org.springframework.mock.web.MockServletContext - Initializing Spring TestDispatcherServlet ''
18:18:44.010 [main] INFO org.springframework.test.web.servlet.TestDispatcherServlet - Initializing Servlet ''
18:18:44.010 [main] DEBUG org.springframework.test.web.servlet.TestDispatcherServlet - Detected AcceptHeaderLocaleResolver
18:18:44.010 [main] DEBUG org.springframework.test.web.servlet.TestDispatcherServlet - Detected FixedThemeResolver
18:18:44.010 [main] DEBUG org.springframework.test.web.servlet.TestDispatcherServlet - Detected org.springframework.web.servlet.view.DefaultRequestToViewNameTranslator@58740366
18:18:44.010 [main] DEBUG org.springframework.test.web.servlet.TestDispatcherServlet - Detected org.springframework.web.servlet.support.SessionFlashMapManager@47be0f9b
18:18:44.010 [main] DEBUG org.springframework.test.web.servlet.TestDispatcherServlet - enableLoggingRequestDetails='false': request parameters and headers will be masked to prevent unsafe logging of potentially sensitive data
18:18:44.010 [main] INFO org.springframework.test.web.servlet.TestDispatcherServlet - Completed initialization in 0 ms
18:18:44.011 [main] DEBUG org.springframework.test.web.servlet.TestDispatcherServlet - POST "/readers/add", parameters={masked}
18:18:44.011 [main] DEBUG org.springframework.web.servlet.mvc.method.annotation.RequestMappingHandlerMapping - Mapped to com.example.controller.ReaderController#addReader(Reader, RedirectAttributes)
Hoàn tất thiết lập ngày sinh
Hoàn tất thiết lập CCCD
Hoàn tất thiết lập mã độc giả
Hoàn tất thiết lập tên độc giả
Hoàn tất thiết lập số điện thoại
Hoàn tất thao tác thêm độc giả
18:18:44.018 [main] DEBUG org.springframework.web.servlet.view.RedirectView - View [RedirectView], model {}
18:18:44.018 [main] DEBUG org.springframework.test.web.servlet.TestDispatcherServlet - Completed 302 FOUND
]]></system-out>
  </testcase>
  <testcase name="testShowEditReaderForm_InvalidId" classname="com.example.controller.ReaderControllerTest" time="0.026">
    <failure message="Flash attribute &apos;error&apos; expected:&lt;Độc giả không tồn tại&gt; but was:&lt;Lỗi khi hiển thị form sửa độc giả: null&gt;" type="java.lang.AssertionError"><![CDATA[java.lang.AssertionError: Flash attribute 'error' expected:<Độc giả không tồn tại> but was:<Lỗi khi hiển thị form sửa độc giả: null>
	at com.example.controller.ReaderControllerTest.testShowEditReaderForm_InvalidId(ReaderControllerTest.java:75)
]]></failure>
    <system-out><![CDATA[18:18:44.030 [main] DEBUG _org.springframework.web.servlet.HandlerMapping.Mappings - 
	c.e.c.ReaderController:
	{GET [/readers]}: showReaders(Model,String)
	{POST [/readers/update]}: updateReader(Reader,RedirectAttributes)
	{GET [/readers/edit/{id}]}: showEditReaderForm(String,Model,RedirectAttributes)
	{GET [/readers/delete/{id}]}: deleteReader(String,RedirectAttributes)
	{POST [/readers/add]}: addReader(Reader,RedirectAttributes)
18:18:44.032 [main] DEBUG org.springframework.web.servlet.mvc.method.annotation.RequestMappingHandlerMapping - 5 mappings in org.springframework.web.servlet.mvc.method.annotation.RequestMappingHandlerMapping
18:18:44.039 [main] DEBUG org.springframework.web.servlet.mvc.method.annotation.RequestMappingHandlerAdapter - ControllerAdvice beans: 0 @ModelAttribute, 0 @InitBinder, 1 RequestBodyAdvice, 1 ResponseBodyAdvice
18:18:44.040 [main] DEBUG org.springframework.web.servlet.mvc.method.annotation.ExceptionHandlerExceptionResolver - ControllerAdvice beans: 0 @ExceptionHandler, 1 ResponseBodyAdvice
18:18:44.040 [main] INFO org.springframework.mock.web.MockServletContext - Initializing Spring TestDispatcherServlet ''
18:18:44.040 [main] INFO org.springframework.test.web.servlet.TestDispatcherServlet - Initializing Servlet ''
18:18:44.040 [main] DEBUG org.springframework.test.web.servlet.TestDispatcherServlet - Detected AcceptHeaderLocaleResolver
18:18:44.040 [main] DEBUG org.springframework.test.web.servlet.TestDispatcherServlet - Detected FixedThemeResolver
18:18:44.040 [main] DEBUG org.springframework.test.web.servlet.TestDispatcherServlet - Detected org.springframework.web.servlet.view.DefaultRequestToViewNameTranslator@e4e1ef5
18:18:44.040 [main] DEBUG org.springframework.test.web.servlet.TestDispatcherServlet - Detected org.springframework.web.servlet.support.SessionFlashMapManager@6d11ceef
18:18:44.040 [main] DEBUG org.springframework.test.web.servlet.TestDispatcherServlet - enableLoggingRequestDetails='false': request parameters and headers will be masked to prevent unsafe logging of potentially sensitive data
18:18:44.040 [main] INFO org.springframework.test.web.servlet.TestDispatcherServlet - Completed initialization in 0 ms
18:18:44.041 [main] DEBUG org.springframework.test.web.servlet.TestDispatcherServlet - GET "/readers/edit/R999", parameters={}
18:18:44.044 [main] DEBUG org.springframework.web.servlet.mvc.method.annotation.RequestMappingHandlerMapping - Mapped to com.example.controller.ReaderController#showEditReaderForm(String, Model, RedirectAttributes)
Hoàn tất thao tác hiển thị form sửa độc giả
18:18:44.045 [main] DEBUG org.springframework.web.servlet.view.RedirectView - View [RedirectView], model {}
18:18:44.045 [main] DEBUG org.springframework.test.web.servlet.TestDispatcherServlet - Completed 302 FOUND
]]></system-out>
  </testcase>
  <testcase name="testShowEditReaderForm_ValidId" classname="com.example.controller.ReaderControllerTest" time="0.024">
    <failure message="Status expected:&lt;200&gt; but was:&lt;302&gt;" type="java.lang.AssertionError"><![CDATA[java.lang.AssertionError: Status expected:<200> but was:<302>
	at com.example.controller.ReaderControllerTest.testShowEditReaderForm_ValidId(ReaderControllerTest.java:64)
]]></failure>
    <system-out><![CDATA[18:18:44.052 [main] DEBUG _org.springframework.web.servlet.HandlerMapping.Mappings - 
	c.e.c.ReaderController:
	{GET [/readers]}: showReaders(Model,String)
	{POST [/readers/update]}: updateReader(Reader,RedirectAttributes)
	{GET [/readers/edit/{id}]}: showEditReaderForm(String,Model,RedirectAttributes)
	{GET [/readers/delete/{id}]}: deleteReader(String,RedirectAttributes)
	{POST [/readers/add]}: addReader(Reader,RedirectAttributes)
18:18:44.054 [main] DEBUG org.springframework.web.servlet.mvc.method.annotation.RequestMappingHandlerMapping - 5 mappings in org.springframework.web.servlet.mvc.method.annotation.RequestMappingHandlerMapping
18:18:44.059 [main] DEBUG org.springframework.web.servlet.mvc.method.annotation.RequestMappingHandlerAdapter - ControllerAdvice beans: 0 @ModelAttribute, 0 @InitBinder, 1 RequestBodyAdvice, 1 ResponseBodyAdvice
18:18:44.062 [main] DEBUG org.springframework.web.servlet.mvc.method.annotation.ExceptionHandlerExceptionResolver - ControllerAdvice beans: 0 @ExceptionHandler, 1 ResponseBodyAdvice
18:18:44.063 [main] INFO org.springframework.mock.web.MockServletContext - Initializing Spring TestDispatcherServlet ''
18:18:44.063 [main] INFO org.springframework.test.web.servlet.TestDispatcherServlet - Initializing Servlet ''
18:18:44.063 [main] DEBUG org.springframework.test.web.servlet.TestDispatcherServlet - Detected AcceptHeaderLocaleResolver
18:18:44.063 [main] DEBUG org.springframework.test.web.servlet.TestDispatcherServlet - Detected FixedThemeResolver
18:18:44.063 [main] DEBUG org.springframework.test.web.servlet.TestDispatcherServlet - Detected org.springframework.web.servlet.view.DefaultRequestToViewNameTranslator@37468787
18:18:44.063 [main] DEBUG org.springframework.test.web.servlet.TestDispatcherServlet - Detected org.springframework.web.servlet.support.SessionFlashMapManager@51ec2856
18:18:44.063 [main] DEBUG org.springframework.test.web.servlet.TestDispatcherServlet - enableLoggingRequestDetails='false': request parameters and headers will be masked to prevent unsafe logging of potentially sensitive data
18:18:44.063 [main] INFO org.springframework.test.web.servlet.TestDispatcherServlet - Completed initialization in 0 ms
18:18:44.063 [main] DEBUG org.springframework.test.web.servlet.TestDispatcherServlet - GET "/readers/edit/R1", parameters={}
18:18:44.063 [main] DEBUG org.springframework.web.servlet.mvc.method.annotation.RequestMappingHandlerMapping - Mapped to com.example.controller.ReaderController#showEditReaderForm(String, Model, RedirectAttributes)
Hoàn tất thao tác hiển thị form sửa độc giả
18:18:44.070 [main] DEBUG org.springframework.web.servlet.view.RedirectView - View [RedirectView], model {}
18:18:44.070 [main] DEBUG org.springframework.test.web.servlet.TestDispatcherServlet - Completed 302 FOUND
]]></system-out>
  </testcase>
</testsuite>