<?xml version="1.0" encoding="UTF-8"?>
<testsuite xmlns:xsi="http://www.w3.org/2001/XMLSchema-instance" xsi:noNamespaceSchemaLocation="https://maven.apache.org/surefire/maven-surefire-plugin/xsd/surefire-test-report.xsd" name="com.example.controller.BorrowRecordControllerTest" time="2.187" tests="11" errors="1" skipped="0" failures="10">
  <properties>
[...]
</properties>
  <testcase name="testDeleteBorrowRecord_ValidId" classname="com.example.controller.BorrowRecordControllerTest" time="1.569">
    <failure message="Flash attribute &apos;success&apos; expected:&lt;Xóa phiếu mượn thành công&gt; but was:&lt;null&gt;" type="java.lang.AssertionError"><![CDATA[java.lang.AssertionError: Flash attribute 'success' expected:<Xóa phiếu mượn thành công> but was:<null>
	at com.example.controller.BorrowRecordControllerTest.testDeleteBorrowRecord_ValidId(BorrowRecordControllerTest.java:162)
]]></failure>
    <system-out><![CDATA[18:18:42.501 [main] DEBUG _org.springframework.web.servlet.HandlerMapping.Mappings - 
	c.e.c.BorrowRecordController:
	{GET [/borrow-records]}: showBorrowRecords(Model)
	{POST [/borrow-records/add]}: addBorrowRecord(BorrowRecord,RedirectAttributes)
	{GET [/borrow-records/edit/{id}]}: showEditBorrowRecordForm(String,Model,RedirectAttributes)
	{POST [/borrow-records/update]}: updateBorrowRecord(BorrowRecord,RedirectAttributes)
	{GET [/borrow-records/delete/{id}]}: deleteBorrowRecord(String,RedirectAttributes)
18:18:42.513 [main] DEBUG org.springframework.web.servlet.mvc.method.annotation.RequestMappingHandlerMapping - 5 mappings in org.springframework.web.servlet.mvc.method.annotation.RequestMappingHandlerMapping
18:18:42.731 [main] DEBUG org.springframework.web.servlet.mvc.method.annotation.RequestMappingHandlerAdapter - ControllerAdvice beans: 0 @ModelAttribute, 0 @InitBinder, 1 RequestBodyAdvice, 1 ResponseBodyAdvice
18:18:42.760 [main] DEBUG org.springframework.web.servlet.mvc.method.annotation.ExceptionHandlerExceptionResolver - ControllerAdvice beans: 0 @ExceptionHandler, 1 ResponseBodyAdvice
18:18:42.781 [main] INFO org.springframework.mock.web.MockServletContext - Initializing Spring TestDispatcherServlet ''
18:18:42.781 [main] INFO org.springframework.test.web.servlet.TestDispatcherServlet - Initializing Servlet ''
18:18:42.783 [main] DEBUG org.springframework.test.web.servlet.TestDispatcherServlet - Detected AcceptHeaderLocaleResolver
18:18:42.783 [main] DEBUG org.springframework.test.web.servlet.TestDispatcherServlet - Detected FixedThemeResolver
18:18:42.784 [main] DEBUG org.springframework.test.web.servlet.TestDispatcherServlet - Detected org.springframework.web.servlet.view.DefaultRequestToViewNameTranslator@2f61d591
18:18:42.784 [main] DEBUG org.springframework.test.web.servlet.TestDispatcherServlet - Detected org.springframework.web.servlet.support.SessionFlashMapManager@332820f4
18:18:42.784 [main] DEBUG org.springframework.test.web.servlet.TestDispatcherServlet - enableLoggingRequestDetails='false': request parameters and headers will be masked to prevent unsafe logging of potentially sensitive data
18:18:42.784 [main] INFO org.springframework.test.web.servlet.TestDispatcherServlet - Completed initialization in 3 ms
18:18:42.855 [main] DEBUG org.springframework.test.web.servlet.TestDispatcherServlet - GET "/borrow-records/delete/BR1", parameters={}
18:18:42.860 [main] DEBUG org.springframework.web.servlet.mvc.method.annotation.RequestMappingHandlerMapping - Mapped to com.example.controller.BorrowRecordController#deleteBorrowRecord(String, RedirectAttributes)
Hoàn tất thao tác xóa phiếu mượn
18:18:42.907 [main] DEBUG org.springframework.web.servlet.view.RedirectView - View [RedirectView], model {}
18:18:42.913 [main] DEBUG org.springframework.test.web.servlet.TestDispatcherServlet - Completed 302 FOUND
]]></system-out>
  </testcase>
  <testcase name="testUpdateBorrowRecord_InvalidId" classname="com.example.controller.BorrowRecordControllerTest" time="0.125">
    <failure message="Flash attribute &apos;error&apos; expected:&lt;Phiếu mượn không tồn tại&gt; but was:&lt;Lỗi khi cập nhật phiếu mượn: null&gt;" type="java.lang.AssertionError"><![CDATA[java.lang.AssertionError: Flash attribute 'error' expected:<Phiếu mượn không tồn tại> but was:<Lỗi khi cập nhật phiếu mượn: null>
	at com.example.controller.BorrowRecordControllerTest.testUpdateBorrowRecord_InvalidId(BorrowRecordControllerTest.java:154)
]]></failure>
    <system-out><![CDATA[18:18:42.946 [main] DEBUG _org.springframework.web.servlet.HandlerMapping.Mappings - 
	c.e.c.BorrowRecordController:
	{GET [/borrow-records]}: showBorrowRecords(Model)
	{POST [/borrow-records/add]}: addBorrowRecord(BorrowRecord,RedirectAttributes)
	{GET [/borrow-records/edit/{id}]}: showEditBorrowRecordForm(String,Model,RedirectAttributes)
	{POST [/borrow-records/update]}: updateBorrowRecord(BorrowRecord,RedirectAttributes)
	{GET [/borrow-records/delete/{id}]}: deleteBorrowRecord(String,RedirectAttributes)
18:18:42.948 [main] DEBUG org.springframework.web.servlet.mvc.method.annotation.RequestMappingHandlerMapping - 5 mappings in org.springframework.web.servlet.mvc.method.annotation.RequestMappingHandlerMapping
18:18:42.952 [main] DEBUG org.springframework.web.servlet.mvc.method.annotation.RequestMappingHandlerAdapter - ControllerAdvice beans: 0 @ModelAttribute, 0 @InitBinder, 1 RequestBodyAdvice, 1 ResponseBodyAdvice
18:18:42.957 [main] DEBUG org.springframework.web.servlet.mvc.method.annotation.ExceptionHandlerExceptionResolver - ControllerAdvice beans: 0 @ExceptionHandler, 1 ResponseBodyAdvice
18:18:42.958 [main] INFO org.springframework.mock.web.MockServletContext - Initializing Spring TestDispatcherServlet ''
18:18:42.958 [main] INFO org.springframework.test.web.servlet.TestDispatcherServlet - Initializing Servlet ''
18:18:42.958 [main] DEBUG org.springframework.test.web.servlet.TestDispatcherServlet - Detected AcceptHeaderLocaleResolver
18:18:42.959 [main] DEBUG org.springframework.test.web.servlet.TestDispatcherServlet - Detected FixedThemeResolver
18:18:42.959 [main] DEBUG org.springframework.test.web.servlet.TestDispatcherServlet - Detected org.springframework.web.servlet.view.DefaultRequestToViewNameTranslator@623dcf2a
18:18:42.959 [main] DEBUG org.springframework.test.web.servlet.TestDispatcherServlet - Detected org.springframework.web.servlet.support.SessionFlashMapManager@2eae4349
18:18:42.959 [main] DEBUG org.springframework.test.web.servlet.TestDispatcherServlet - enableLoggingRequestDetails='false': request parameters and headers will be masked to prevent unsafe logging of potentially sensitive data
18:18:42.959 [main] INFO org.springframework.test.web.servlet.TestDispatcherServlet - Completed initialization in 1 ms
18:18:42.966 [main] DEBUG org.springframework.test.web.servlet.TestDispatcherServlet - POST "/borrow-records/update", parameters={masked}
18:18:42.967 [main] DEBUG org.springframework.web.servlet.mvc.method.annotation.RequestMappingHandlerMapping - Mapped to com.example.controller.BorrowRecordController#updateBorrowRecord(BorrowRecord, RedirectAttributes)
Hoàn tất thiết lập ID sách
Hoàn tất thiết lập ngày mượn
Hoàn tất thiết lập ID phiếu mượn
Hoàn tất thiết lập ID độc giả
Hoàn tất thiết lập ngày trả
Hoàn tất thao tác cập nhật phiếu mượn
18:18:43.064 [main] DEBUG org.springframework.web.servlet.view.RedirectView - View [RedirectView], model {}
18:18:43.065 [main] DEBUG org.springframework.test.web.servlet.TestDispatcherServlet - Completed 302 FOUND
]]></system-out>
  </testcase>
  <testcase name="testAddBorrowRecord_InvalidId" classname="com.example.controller.BorrowRecordControllerTest" time="0.033">
    <failure message="Flash attribute &apos;error&apos; expected:&lt;Vui lòng điền đầy đủ ID phiếu mượn, mã sách và mã sinh viên&gt; but was:&lt;Lỗi khi thêm phiếu mượn: Vui lòng điền đầy đủ ID phiếu mượn, mã sách và mã sinh viên&gt;" type="java.lang.AssertionError"><![CDATA[java.lang.AssertionError: Flash attribute 'error' expected:<Vui lòng điền đầy đủ ID phiếu mượn, mã sách và mã sinh viên> but was:<Lỗi khi thêm phiếu mượn: Vui lòng điền đầy đủ ID phiếu mượn, mã sách và mã sinh viên>
	at com.example.controller.BorrowRecordControllerTest.testAddBorrowRecord_InvalidId(BorrowRecordControllerTest.java:73)
]]></failure>
    <system-out><![CDATA[18:18:43.078 [main] DEBUG _org.springframework.web.servlet.HandlerMapping.Mappings - 
	c.e.c.BorrowRecordController:
	{GET [/borrow-records]}: showBorrowRecords(Model)
	{POST [/borrow-records/add]}: addBorrowRecord(BorrowRecord,RedirectAttributes)
	{GET [/borrow-records/edit/{id}]}: showEditBorrowRecordForm(String,Model,RedirectAttributes)
	{POST [/borrow-records/update]}: updateBorrowRecord(BorrowRecord,RedirectAttributes)
	{GET [/borrow-records/delete/{id}]}: deleteBorrowRecord(String,RedirectAttributes)
18:18:43.081 [main] DEBUG org.springframework.web.servlet.mvc.method.annotation.RequestMappingHandlerMapping - 5 mappings in org.springframework.web.servlet.mvc.method.annotation.RequestMappingHandlerMapping
18:18:43.087 [main] DEBUG org.springframework.web.servlet.mvc.method.annotation.RequestMappingHandlerAdapter - ControllerAdvice beans: 0 @ModelAttribute, 0 @InitBinder, 1 RequestBodyAdvice, 1 ResponseBodyAdvice
18:18:43.088 [main] DEBUG org.springframework.web.servlet.mvc.method.annotation.ExceptionHandlerExceptionResolver - ControllerAdvice beans: 0 @ExceptionHandler, 1 ResponseBodyAdvice
18:18:43.088 [main] INFO org.springframework.mock.web.MockServletContext - Initializing Spring TestDispatcherServlet ''
18:18:43.088 [main] INFO org.springframework.test.web.servlet.TestDispatcherServlet - Initializing Servlet ''
18:18:43.090 [main] DEBUG org.springframework.test.web.servlet.TestDispatcherServlet - Detected AcceptHeaderLocaleResolver
18:18:43.090 [main] DEBUG org.springframework.test.web.servlet.TestDispatcherServlet - Detected FixedThemeResolver
18:18:43.090 [main] DEBUG org.springframework.test.web.servlet.TestDispatcherServlet - Detected org.springframework.web.servlet.view.DefaultRequestToViewNameTranslator@534180a2
18:18:43.090 [main] DEBUG org.springframework.test.web.servlet.TestDispatcherServlet - Detected org.springframework.web.servlet.support.SessionFlashMapManager@6cf0a747
18:18:43.090 [main] DEBUG org.springframework.test.web.servlet.TestDispatcherServlet - enableLoggingRequestDetails='false': request parameters and headers will be masked to prevent unsafe logging of potentially sensitive data
18:18:43.090 [main] INFO org.springframework.test.web.servlet.TestDispatcherServlet - Completed initialization in 1 ms
18:18:43.093 [main] DEBUG org.springframework.test.web.servlet.TestDispatcherServlet - POST "/borrow-records/add", parameters={masked}
18:18:43.093 [main] DEBUG org.springframework.web.servlet.mvc.method.annotation.RequestMappingHandlerMapping - Mapped to com.example.controller.BorrowRecordController#addBorrowRecord(BorrowRecord, RedirectAttributes)
Hoàn tất thiết lập ID sách
Hoàn tất thiết lập ngày mượn
Hoàn tất thiết lập ID phiếu mượn
Hoàn tất thiết lập ID độc giả
Hoàn tất thiết lập ngày trả
Hoàn tất thao tác thêm phiếu mượn
18:18:43.096 [main] DEBUG org.springframework.web.servlet.view.RedirectView - View [RedirectView], model {}
18:18:43.097 [main] DEBUG org.springframework.test.web.servlet.TestDispatcherServlet - Completed 302 FOUND
]]></system-out>
  </testcase>
  <testcase name="testAddBorrowRecord_BookNotExist" classname="com.example.controller.BorrowRecordControllerTest" time="0.038">
    <failure message="Flash attribute &apos;error&apos; expected:&lt;Sách không tồn tại trong thư viện&gt; but was:&lt;Lỗi khi thêm phiếu mượn: null&gt;" type="java.lang.AssertionError"><![CDATA[java.lang.AssertionError: Flash attribute 'error' expected:<Sách không tồn tại trong thư viện> but was:<Lỗi khi thêm phiếu mượn: null>
	at com.example.controller.BorrowRecordControllerTest.testAddBorrowRecord_BookNotExist(BorrowRecordControllerTest.java:86)
]]></failure>
    <system-out><![CDATA[18:18:43.110 [main] DEBUG _org.springframework.web.servlet.HandlerMapping.Mappings - 
	c.e.c.BorrowRecordController:
	{GET [/borrow-records]}: showBorrowRecords(Model)
	{POST [/borrow-records/add]}: addBorrowRecord(BorrowRecord,RedirectAttributes)
	{GET [/borrow-records/edit/{id}]}: showEditBorrowRecordForm(String,Model,RedirectAttributes)
	{POST [/borrow-records/update]}: updateBorrowRecord(BorrowRecord,RedirectAttributes)
	{GET [/borrow-records/delete/{id}]}: deleteBorrowRecord(String,RedirectAttributes)
18:18:43.112 [main] DEBUG org.springframework.web.servlet.mvc.method.annotation.RequestMappingHandlerMapping - 5 mappings in org.springframework.web.servlet.mvc.method.annotation.RequestMappingHandlerMapping
18:18:43.122 [main] DEBUG org.springframework.web.servlet.mvc.method.annotation.RequestMappingHandlerAdapter - ControllerAdvice beans: 0 @ModelAttribute, 0 @InitBinder, 1 RequestBodyAdvice, 1 ResponseBodyAdvice
18:18:43.125 [main] DEBUG org.springframework.web.servlet.mvc.method.annotation.ExceptionHandlerExceptionResolver - ControllerAdvice beans: 0 @ExceptionHandler, 1 ResponseBodyAdvice
18:18:43.125 [main] INFO org.springframework.mock.web.MockServletContext - Initializing Spring TestDispatcherServlet ''
18:18:43.125 [main] INFO org.springframework.test.web.servlet.TestDispatcherServlet - Initializing Servlet ''
18:18:43.125 [main] DEBUG org.springframework.test.web.servlet.TestDispatcherServlet - Detected AcceptHeaderLocaleResolver
18:18:43.125 [main] DEBUG org.springframework.test.web.servlet.TestDispatcherServlet - Detected FixedThemeResolver
18:18:43.125 [main] DEBUG org.springframework.test.web.servlet.TestDispatcherServlet - Detected org.springframework.web.servlet.view.DefaultRequestToViewNameTranslator@68f0f72c
18:18:43.125 [main] DEBUG org.springframework.test.web.servlet.TestDispatcherServlet - Detected org.springframework.web.servlet.support.SessionFlashMapManager@3d96fa9e
18:18:43.125 [main] DEBUG org.springframework.test.web.servlet.TestDispatcherServlet - enableLoggingRequestDetails='false': request parameters and headers will be masked to prevent unsafe logging of potentially sensitive data
18:18:43.125 [main] INFO org.springframework.test.web.servlet.TestDispatcherServlet - Completed initialization in 0 ms
18:18:43.129 [main] DEBUG org.springframework.test.web.servlet.TestDispatcherServlet - POST "/borrow-records/add", parameters={masked}
18:18:43.129 [main] DEBUG org.springframework.web.servlet.mvc.method.annotation.RequestMappingHandlerMapping - Mapped to com.example.controller.BorrowRecordController#addBorrowRecord(BorrowRecord, RedirectAttributes)
Hoàn tất thiết lập ID sách
Hoàn tất thiết lập ngày mượn
Hoàn tất thiết lập ID phiếu mượn
Hoàn tất thiết lập ID độc giả
Hoàn tất thiết lập ngày trả
Hoàn tất thao tác thêm phiếu mượn
18:18:43.135 [main] DEBUG org.springframework.web.servlet.view.RedirectView - View [RedirectView], model {}
18:18:43.135 [main] DEBUG org.springframework.test.web.servlet.TestDispatcherServlet - Completed 302 FOUND
]]></system-out>
  </testcase>
  <testcase name="testAddBorrowRecord_BookBorrowed" classname="com.example.controller.BorrowRecordControllerTest" time="0.055">
    <failure message="Flash attribute &apos;success&apos; expected:&lt;Thêm phiếu mượn thành công&gt; but was:&lt;null&gt;" type="java.lang.AssertionError"><![CDATA[java.lang.AssertionError: Flash attribute 'success' expected:<Thêm phiếu mượn thành công> but was:<null>
	at com.example.controller.BorrowRecordControllerTest.testAddBorrowRecord_BookBorrowed(BorrowRecordControllerTest.java:100)
]]></failure>
    <system-out><![CDATA[18:18:43.161 [main] DEBUG _org.springframework.web.servlet.HandlerMapping.Mappings - 
	c.e.c.BorrowRecordController:
	{GET [/borrow-records]}: showBorrowRecords(Model)
	{POST [/borrow-records/add]}: addBorrowRecord(BorrowRecord,RedirectAttributes)
	{GET [/borrow-records/edit/{id}]}: showEditBorrowRecordForm(String,Model,RedirectAttributes)
	{POST [/borrow-records/update]}: updateBorrowRecord(BorrowRecord,RedirectAttributes)
	{GET [/borrow-records/delete/{id}]}: deleteBorrowRecord(String,RedirectAttributes)
18:18:43.162 [main] DEBUG org.springframework.web.servlet.mvc.method.annotation.RequestMappingHandlerMapping - 5 mappings in org.springframework.web.servlet.mvc.method.annotation.RequestMappingHandlerMapping
18:18:43.169 [main] DEBUG org.springframework.web.servlet.mvc.method.annotation.RequestMappingHandlerAdapter - ControllerAdvice beans: 0 @ModelAttribute, 0 @InitBinder, 1 RequestBodyAdvice, 1 ResponseBodyAdvice
18:18:43.174 [main] DEBUG org.springframework.web.servlet.mvc.method.annotation.ExceptionHandlerExceptionResolver - ControllerAdvice beans: 0 @ExceptionHandler, 1 ResponseBodyAdvice
18:18:43.174 [main] INFO org.springframework.mock.web.MockServletContext - Initializing Spring TestDispatcherServlet ''
18:18:43.174 [main] INFO org.springframework.test.web.servlet.TestDispatcherServlet - Initializing Servlet ''
18:18:43.174 [main] DEBUG org.springframework.test.web.servlet.TestDispatcherServlet - Detected AcceptHeaderLocaleResolver
18:18:43.174 [main] DEBUG org.springframework.test.web.servlet.TestDispatcherServlet - Detected FixedThemeResolver
18:18:43.174 [main] DEBUG org.springframework.test.web.servlet.TestDispatcherServlet - Detected org.springframework.web.servlet.view.DefaultRequestToViewNameTranslator@26586b74
18:18:43.174 [main] DEBUG org.springframework.test.web.servlet.TestDispatcherServlet - Detected org.springframework.web.servlet.support.SessionFlashMapManager@52f57666
18:18:43.174 [main] DEBUG org.springframework.test.web.servlet.TestDispatcherServlet - enableLoggingRequestDetails='false': request parameters and headers will be masked to prevent unsafe logging of potentially sensitive data
18:18:43.174 [main] INFO org.springframework.test.web.servlet.TestDispatcherServlet - Completed initialization in 0 ms
18:18:43.181 [main] DEBUG org.springframework.test.web.servlet.TestDispatcherServlet - POST "/borrow-records/add", parameters={masked}
18:18:43.181 [main] DEBUG org.springframework.web.servlet.mvc.method.annotation.RequestMappingHandlerMapping - Mapped to com.example.controller.BorrowRecordController#addBorrowRecord(BorrowRecord, RedirectAttributes)
Hoàn tất thiết lập ID sách
Hoàn tất thiết lập ngày mượn
Hoàn tất thiết lập ID phiếu mượn
Hoàn tất thiết lập ID độc giả
Hoàn tất thiết lập ngày trả
Hoàn tất thao tác thêm phiếu mượn
18:18:43.190 [main] DEBUG org.springframework.web.servlet.view.RedirectView - View [RedirectView], model {}
18:18:43.190 [main] DEBUG org.springframework.test.web.servlet.TestDispatcherServlet - Completed 302 FOUND
]]></system-out>
  </testcase>
  <testcase name="testShowEditBorrowRecordForm_ValidId" classname="com.example.controller.BorrowRecordControllerTest" time="0.047">
    <failure message="Status expected:&lt;200&gt; but was:&lt;302&gt;" type="java.lang.AssertionError"><![CDATA[java.lang.AssertionError: Status expected:<200> but was:<302>
	at com.example.controller.BorrowRecordControllerTest.testShowEditBorrowRecordForm_ValidId(BorrowRecordControllerTest.java:117)
]]></failure>
    <system-out><![CDATA[18:18:43.217 [main] DEBUG _org.springframework.web.servlet.HandlerMapping.Mappings - 
	c.e.c.BorrowRecordController:
	{GET [/borrow-records]}: showBorrowRecords(Model)
	{POST [/borrow-records/add]}: addBorrowRecord(BorrowRecord,RedirectAttributes)
	{GET [/borrow-records/edit/{id}]}: showEditBorrowRecordForm(String,Model,RedirectAttributes)
	{POST [/borrow-records/update]}: updateBorrowRecord(BorrowRecord,RedirectAttributes)
	{GET [/borrow-records/delete/{id}]}: deleteBorrowRecord(String,RedirectAttributes)
18:18:43.220 [main] DEBUG org.springframework.web.servlet.mvc.method.annotation.RequestMappingHandlerMapping - 5 mappings in org.springframework.web.servlet.mvc.method.annotation.RequestMappingHandlerMapping
18:18:43.229 [main] DEBUG org.springframework.web.servlet.mvc.method.annotation.RequestMappingHandlerAdapter - ControllerAdvice beans: 0 @ModelAttribute, 0 @InitBinder, 1 RequestBodyAdvice, 1 ResponseBodyAdvice
18:18:43.232 [main] DEBUG org.springframework.web.servlet.mvc.method.annotation.ExceptionHandlerExceptionResolver - ControllerAdvice beans: 0 @ExceptionHandler, 1 ResponseBodyAdvice
18:18:43.232 [main] INFO org.springframework.mock.web.MockServletContext - Initializing Spring TestDispatcherServlet ''
18:18:43.232 [main] INFO org.springframework.test.web.servlet.TestDispatcherServlet - Initializing Servlet ''
18:18:43.232 [main] DEBUG org.springframework.test.web.servlet.TestDispatcherServlet - Detected AcceptHeaderLocaleResolver
18:18:43.233 [main] DEBUG org.springframework.test.web.servlet.TestDispatcherServlet - Detected FixedThemeResolver
18:18:43.235 [main] DEBUG org.springframework.test.web.servlet.TestDispatcherServlet - Detected org.springframework.web.servlet.view.DefaultRequestToViewNameTranslator@3c83468e
18:18:43.235 [main] DEBUG org.springframework.test.web.servlet.TestDispatcherServlet - Detected org.springframework.web.servlet.support.SessionFlashMapManager@272ce069
18:18:43.239 [main] DEBUG org.springframework.test.web.servlet.TestDispatcherServlet - enableLoggingRequestDetails='false': request parameters and headers will be masked to prevent unsafe logging of potentially sensitive data
18:18:43.239 [main] INFO org.springframework.test.web.servlet.TestDispatcherServlet - Completed initialization in 7 ms
18:18:43.239 [main] DEBUG org.springframework.test.web.servlet.TestDispatcherServlet - GET "/borrow-records/edit/BR1", parameters={}
18:18:43.244 [main] DEBUG org.springframework.web.servlet.mvc.method.annotation.RequestMappingHandlerMapping - Mapped to com.example.controller.BorrowRecordController#showEditBorrowRecordForm(String, Model, RedirectAttributes)
Hoàn tất thao tác hiển thị form sửa phiếu mượn
18:18:43.248 [main] DEBUG org.springframework.web.servlet.view.RedirectView - View [RedirectView], model {}
18:18:43.248 [main] DEBUG org.springframework.test.web.servlet.TestDispatcherServlet - Completed 302 FOUND
]]></system-out>
  </testcase>
  <testcase name="testAddBorrowRecord_Valid" classname="com.example.controller.BorrowRecordControllerTest" time="0.053">
    <failure message="Flash attribute &apos;success&apos; expected:&lt;Thêm phiếu mượn thành công&gt; but was:&lt;null&gt;" type="java.lang.AssertionError"><![CDATA[java.lang.AssertionError: Flash attribute 'success' expected:<Thêm phiếu mượn thành công> but was:<null>
	at com.example.controller.BorrowRecordControllerTest.testAddBorrowRecord_Valid(BorrowRecordControllerTest.java:60)
]]></failure>
    <system-out><![CDATA[18:18:43.268 [main] DEBUG _org.springframework.web.servlet.HandlerMapping.Mappings - 
	c.e.c.BorrowRecordController:
	{GET [/borrow-records]}: showBorrowRecords(Model)
	{POST [/borrow-records/add]}: addBorrowRecord(BorrowRecord,RedirectAttributes)
	{GET [/borrow-records/edit/{id}]}: showEditBorrowRecordForm(String,Model,RedirectAttributes)
	{POST [/borrow-records/update]}: updateBorrowRecord(BorrowRecord,RedirectAttributes)
	{GET [/borrow-records/delete/{id}]}: deleteBorrowRecord(String,RedirectAttributes)
18:18:43.269 [main] DEBUG org.springframework.web.servlet.mvc.method.annotation.RequestMappingHandlerMapping - 5 mappings in org.springframework.web.servlet.mvc.method.annotation.RequestMappingHandlerMapping
18:18:43.279 [main] DEBUG org.springframework.web.servlet.mvc.method.annotation.RequestMappingHandlerAdapter - ControllerAdvice beans: 0 @ModelAttribute, 0 @InitBinder, 1 RequestBodyAdvice, 1 ResponseBodyAdvice
18:18:43.286 [main] DEBUG org.springframework.web.servlet.mvc.method.annotation.ExceptionHandlerExceptionResolver - ControllerAdvice beans: 0 @ExceptionHandler, 1 ResponseBodyAdvice
18:18:43.286 [main] INFO org.springframework.mock.web.MockServletContext - Initializing Spring TestDispatcherServlet ''
18:18:43.287 [main] INFO org.springframework.test.web.servlet.TestDispatcherServlet - Initializing Servlet ''
18:18:43.287 [main] DEBUG org.springframework.test.web.servlet.TestDispatcherServlet - Detected AcceptHeaderLocaleResolver
18:18:43.287 [main] DEBUG org.springframework.test.web.servlet.TestDispatcherServlet - Detected FixedThemeResolver
18:18:43.287 [main] DEBUG org.springframework.test.web.servlet.TestDispatcherServlet - Detected org.springframework.web.servlet.view.DefaultRequestToViewNameTranslator@100c8b75
18:18:43.287 [main] DEBUG org.springframework.test.web.servlet.TestDispatcherServlet - Detected org.springframework.web.servlet.support.SessionFlashMapManager@2bc378f7
18:18:43.287 [main] DEBUG org.springframework.test.web.servlet.TestDispatcherServlet - enableLoggingRequestDetails='false': request parameters and headers will be masked to prevent unsafe logging of potentially sensitive data
18:18:43.287 [main] INFO org.springframework.test.web.servlet.TestDispatcherServlet - Completed initialization in 0 ms
18:18:43.294 [main] DEBUG org.springframework.test.web.servlet.TestDispatcherServlet - POST "/borrow-records/add", parameters={masked}
18:18:43.295 [main] DEBUG org.springframework.web.servlet.mvc.method.annotation.RequestMappingHandlerMapping - Mapped to com.example.controller.BorrowRecordController#addBorrowRecord(BorrowRecord, RedirectAttributes)
Hoàn tất thiết lập ID sách
Hoàn tất thiết lập ngày mượn
Hoàn tất thiết lập ID phiếu mượn
Hoàn tất thiết lập ID độc giả
Hoàn tất thiết lập ngày trả
Hoàn tất thao tác thêm phiếu mượn
18:18:43.305 [main] DEBUG org.springframework.web.servlet.view.RedirectView - View [RedirectView], model {}
18:18:43.305 [main] DEBUG org.springframework.test.web.servlet.TestDispatcherServlet - Completed 302 FOUND
]]></system-out>
  </testcase>
  <testcase name="testShowEditBorrowRecordForm_InvalidId" classname="com.example.controller.BorrowRecordControllerTest" time="0.057">
    <failure message="Flash attribute &apos;error&apos; expected:&lt;Phiếu mượn không tồn tại&gt; but was:&lt;Lỗi khi hiển thị form sửa phiếu mượn: null&gt;" type="java.lang.AssertionError"><![CDATA[java.lang.AssertionError: Flash attribute 'error' expected:<Phiếu mượn không tồn tại> but was:<Lỗi khi hiển thị form sửa phiếu mượn: null>
	at com.example.controller.BorrowRecordControllerTest.testShowEditBorrowRecordForm_InvalidId(BorrowRecordControllerTest.java:128)
]]></failure>
    <system-out><![CDATA[18:18:43.339 [main] DEBUG _org.springframework.web.servlet.HandlerMapping.Mappings - 
	c.e.c.BorrowRecordController:
	{GET [/borrow-records]}: showBorrowRecords(Model)
	{POST [/borrow-records/add]}: addBorrowRecord(BorrowRecord,RedirectAttributes)
	{GET [/borrow-records/edit/{id}]}: showEditBorrowRecordForm(String,Model,RedirectAttributes)
	{POST [/borrow-records/update]}: updateBorrowRecord(BorrowRecord,RedirectAttributes)
	{GET [/borrow-records/delete/{id}]}: deleteBorrowRecord(String,RedirectAttributes)
18:18:43.341 [main] DEBUG org.springframework.web.servlet.mvc.method.annotation.RequestMappingHandlerMapping - 5 mappings in org.springframework.web.servlet.mvc.method.annotation.RequestMappingHandlerMapping
18:18:43.355 [main] DEBUG org.springframework.web.servlet.mvc.method.annotation.RequestMappingHandlerAdapter - ControllerAdvice beans: 0 @ModelAttribute, 0 @InitBinder, 1 RequestBodyAdvice, 1 ResponseBodyAdvice
18:18:43.359 [main] DEBUG org.springframework.web.servlet.mvc.method.annotation.ExceptionHandlerExceptionResolver - ControllerAdvice beans: 0 @ExceptionHandler, 1 ResponseBodyAdvice
18:18:43.359 [main] INFO org.springframework.mock.web.MockServletContext - Initializing Spring TestDispatcherServlet ''
18:18:43.359 [main] INFO org.springframework.test.web.servlet.TestDispatcherServlet - Initializing Servlet ''
18:18:43.359 [main] DEBUG org.springframework.test.web.servlet.TestDispatcherServlet - Detected AcceptHeaderLocaleResolver
18:18:43.359 [main] DEBUG org.springframework.test.web.servlet.TestDispatcherServlet - Detected FixedThemeResolver
18:18:43.359 [main] DEBUG org.springframework.test.web.servlet.TestDispatcherServlet - Detected org.springframework.web.servlet.view.DefaultRequestToViewNameTranslator@3ba46e63
18:18:43.359 [main] DEBUG org.springframework.test.web.servlet.TestDispatcherServlet - Detected org.springframework.web.servlet.support.SessionFlashMapManager@788ddc1f
18:18:43.359 [main] DEBUG org.springframework.test.web.servlet.TestDispatcherServlet - enableLoggingRequestDetails='false': request parameters and headers will be masked to prevent unsafe logging of potentially sensitive data
18:18:43.370 [main] INFO org.springframework.test.web.servlet.TestDispatcherServlet - Completed initialization in 11 ms
18:18:43.371 [main] DEBUG org.springframework.test.web.servlet.TestDispatcherServlet - GET "/borrow-records/edit/BR999", parameters={}
18:18:43.371 [main] DEBUG org.springframework.web.servlet.mvc.method.annotation.RequestMappingHandlerMapping - Mapped to com.example.controller.BorrowRecordController#showEditBorrowRecordForm(String, Model, RedirectAttributes)
Hoàn tất thao tác hiển thị form sửa phiếu mượn
18:18:43.379 [main] DEBUG org.springframework.web.servlet.view.RedirectView - View [RedirectView], model {}
18:18:43.379 [main] DEBUG org.springframework.test.web.servlet.TestDispatcherServlet - Completed 302 FOUND
]]></system-out>
  </testcase>
  <testcase name="testDeleteBorrowRecord_InvalidId" classname="com.example.controller.BorrowRecordControllerTest" time="0.039">
    <failure message="Flash attribute &apos;error&apos; expected:&lt;Phiếu mượn không tồn tại&gt; but was:&lt;Lỗi khi xóa phiếu mượn: null&gt;" type="java.lang.AssertionError"><![CDATA[java.lang.AssertionError: Flash attribute 'error' expected:<Phiếu mượn không tồn tại> but was:<Lỗi khi xóa phiếu mượn: null>
	at com.example.controller.BorrowRecordControllerTest.testDeleteBorrowRecord_InvalidId(BorrowRecordControllerTest.java:170)
]]></failure>
    <system-out><![CDATA[18:18:43.397 [main] DEBUG _org.springframework.web.servlet.HandlerMapping.Mappings - 
	c.e.c.BorrowRecordController:
	{GET [/borrow-records]}: showBorrowRecords(Model)
	{POST [/borrow-records/add]}: addBorrowRecord(BorrowRecord,RedirectAttributes)
	{GET [/borrow-records/edit/{id}]}: showEditBorrowRecordForm(String,Model,RedirectAttributes)
	{POST [/borrow-records/update]}: updateBorrowRecord(BorrowRecord,RedirectAttributes)
	{GET [/borrow-records/delete/{id}]}: deleteBorrowRecord(String,RedirectAttributes)
18:18:43.402 [main] DEBUG org.springframework.web.servlet.mvc.method.annotation.RequestMappingHandlerMapping - 5 mappings in org.springframework.web.servlet.mvc.method.annotation.RequestMappingHandlerMapping
18:18:43.415 [main] DEBUG org.springframework.web.servlet.mvc.method.annotation.RequestMappingHandlerAdapter - ControllerAdvice beans: 0 @ModelAttribute, 0 @InitBinder, 1 RequestBodyAdvice, 1 ResponseBodyAdvice
18:18:43.419 [main] DEBUG org.springframework.web.servlet.mvc.method.annotation.ExceptionHandlerExceptionResolver - ControllerAdvice beans: 0 @ExceptionHandler, 1 ResponseBodyAdvice
18:18:43.419 [main] INFO org.springframework.mock.web.MockServletContext - Initializing Spring TestDispatcherServlet ''
18:18:43.419 [main] INFO org.springframework.test.web.servlet.TestDispatcherServlet - Initializing Servlet ''
18:18:43.419 [main] DEBUG org.springframework.test.web.servlet.TestDispatcherServlet - Detected AcceptHeaderLocaleResolver
18:18:43.419 [main] DEBUG org.springframework.test.web.servlet.TestDispatcherServlet - Detected FixedThemeResolver
18:18:43.419 [main] DEBUG org.springframework.test.web.servlet.TestDispatcherServlet - Detected org.springframework.web.servlet.view.DefaultRequestToViewNameTranslator@46a145ba
18:18:43.420 [main] DEBUG org.springframework.test.web.servlet.TestDispatcherServlet - Detected org.springframework.web.servlet.support.SessionFlashMapManager@7ab34619
18:18:43.420 [main] DEBUG org.springframework.test.web.servlet.TestDispatcherServlet - enableLoggingRequestDetails='false': request parameters and headers will be masked to prevent unsafe logging of potentially sensitive data
18:18:43.420 [main] INFO org.springframework.test.web.servlet.TestDispatcherServlet - Completed initialization in 1 ms
18:18:43.423 [main] DEBUG org.springframework.test.web.servlet.TestDispatcherServlet - GET "/borrow-records/delete/BR999", parameters={}
18:18:43.424 [main] DEBUG org.springframework.web.servlet.mvc.method.annotation.RequestMappingHandlerMapping - Mapped to com.example.controller.BorrowRecordController#deleteBorrowRecord(String, RedirectAttributes)
Hoàn tất thao tác xóa phiếu mượn
18:18:43.428 [main] DEBUG org.springframework.web.servlet.view.RedirectView - View [RedirectView], model {}
18:18:43.428 [main] DEBUG org.springframework.test.web.servlet.TestDispatcherServlet - Completed 302 FOUND
]]></system-out>
  </testcase>
  <testcase name="testShowBorrowRecords" classname="com.example.controller.BorrowRecordControllerTest" time="0.05">
    <error message="Circular view path [borrow-records]: would dispatch back to the current handler URL [/borrow-records] again. Check your ViewResolver setup! (Hint: This may be the result of an unspecified view, due to default view name generation.)" type="javax.servlet.ServletException">javax.servlet.ServletException: Circular view path [borrow-records]: would dispatch back to the current handler URL [/borrow-records] again. Check your ViewResolver setup! (Hint: This may be the result of an unspecified view, due to default view name generation.)
	at com.example.controller.BorrowRecordControllerTest.testShowBorrowRecords(BorrowRecordControllerTest.java:43)
</error>
    <system-out><![CDATA[18:18:43.439 [main] DEBUG _org.springframework.web.servlet.HandlerMapping.Mappings - 
	c.e.c.BorrowRecordController:
	{GET [/borrow-records]}: showBorrowRecords(Model)
	{POST [/borrow-records/add]}: addBorrowRecord(BorrowRecord,RedirectAttributes)
	{GET [/borrow-records/edit/{id}]}: showEditBorrowRecordForm(String,Model,RedirectAttributes)
	{POST [/borrow-records/update]}: updateBorrowRecord(BorrowRecord,RedirectAttributes)
	{GET [/borrow-records/delete/{id}]}: deleteBorrowRecord(String,RedirectAttributes)
18:18:43.442 [main] DEBUG org.springframework.web.servlet.mvc.method.annotation.RequestMappingHandlerMapping - 5 mappings in org.springframework.web.servlet.mvc.method.annotation.RequestMappingHandlerMapping
18:18:43.449 [main] DEBUG org.springframework.web.servlet.mvc.method.annotation.RequestMappingHandlerAdapter - ControllerAdvice beans: 0 @ModelAttribute, 0 @InitBinder, 1 RequestBodyAdvice, 1 ResponseBodyAdvice
18:18:43.452 [main] DEBUG org.springframework.web.servlet.mvc.method.annotation.ExceptionHandlerExceptionResolver - ControllerAdvice beans: 0 @ExceptionHandler, 1 ResponseBodyAdvice
18:18:43.452 [main] INFO org.springframework.mock.web.MockServletContext - Initializing Spring TestDispatcherServlet ''
18:18:43.452 [main] INFO org.springframework.test.web.servlet.TestDispatcherServlet - Initializing Servlet ''
18:18:43.452 [main] DEBUG org.springframework.test.web.servlet.TestDispatcherServlet - Detected AcceptHeaderLocaleResolver
18:18:43.452 [main] DEBUG org.springframework.test.web.servlet.TestDispatcherServlet - Detected FixedThemeResolver
18:18:43.452 [main] DEBUG org.springframework.test.web.servlet.TestDispatcherServlet - Detected org.springframework.web.servlet.view.DefaultRequestToViewNameTranslator@524270b8
18:18:43.452 [main] DEBUG org.springframework.test.web.servlet.TestDispatcherServlet - Detected org.springframework.web.servlet.support.SessionFlashMapManager@4acb7ecc
18:18:43.452 [main] DEBUG org.springframework.test.web.servlet.TestDispatcherServlet - enableLoggingRequestDetails='false': request parameters and headers will be masked to prevent unsafe logging of potentially sensitive data
18:18:43.452 [main] INFO org.springframework.test.web.servlet.TestDispatcherServlet - Completed initialization in 0 ms
18:18:43.453 [main] DEBUG org.springframework.test.web.servlet.TestDispatcherServlet - GET "/borrow-records", parameters={}
18:18:43.453 [main] DEBUG org.springframework.web.servlet.mvc.method.annotation.RequestMappingHandlerMapping - Mapped to com.example.controller.BorrowRecordController#showBorrowRecords(Model)
Hoàn tất hiển thị danh sách phiếu mượn
18:18:43.461 [main] DEBUG org.springframework.web.servlet.view.InternalResourceView - View [InternalResourceView], model {error=Lỗi khi hiển thị danh sách phiếu mượn: null}
18:18:43.466 [main] DEBUG org.springframework.test.web.servlet.TestDispatcherServlet - Error rendering view [org.springframework.web.servlet.view.InternalResourceView: [InternalResourceView]; URL [borrow-records]]
javax.servlet.ServletException: Circular view path [borrow-records]: would dispatch back to the current handler URL [/borrow-records] again. Check your ViewResolver setup! (Hint: This may be the result of an unspecified view, due to default view name generation.)
	at org.springframework.web.servlet.view.InternalResourceView.prepareForRendering(InternalResourceView.java:210)
	at org.springframework.web.servlet.view.InternalResourceView.renderMergedOutputModel(InternalResourceView.java:148)
	at org.springframework.web.servlet.view.AbstractView.render(AbstractView.java:316)
	at org.springframework.web.servlet.DispatcherServlet.render(DispatcherServlet.java:1406)
	at org.springframework.test.web.servlet.TestDispatcherServlet.render(TestDispatcherServlet.java:137)
	at org.springframework.web.servlet.DispatcherServlet.processDispatchResult(DispatcherServlet.java:1150)
	at org.springframework.web.servlet.DispatcherServlet.doDispatch(DispatcherServlet.java:1089)
	at org.springframework.web.servlet.DispatcherServlet.doService(DispatcherServlet.java:965)
	at org.springframework.web.servlet.FrameworkServlet.processRequest(FrameworkServlet.java:1006)
	at org.springframework.web.servlet.FrameworkServlet.doGet(FrameworkServlet.java:898)
	at javax.servlet.http.HttpServlet.service(HttpServlet.java:529)
	at org.springframework.web.servlet.FrameworkServlet.service(FrameworkServlet.java:883)
	at org.springframework.test.web.servlet.TestDispatcherServlet.service(TestDispatcherServlet.java:72)
	at javax.servlet.http.HttpServlet.service(HttpServlet.java:623)
	at org.springframework.mock.web.MockFilterChain$ServletFilterProxy.doFilter(MockFilterChain.java:167)
	at org.springframework.mock.web.MockFilterChain.doFilter(MockFilterChain.java:134)
	at org.springframework.test.web.servlet.MockMvc.perform(MockMvc.java:201)
	at com.example.controller.BorrowRecordControllerTest.testShowBorrowRecords(BorrowRecordControllerTest.java:43)
	at java.base/jdk.internal.reflect.NativeMethodAccessorImpl.invoke0(Native Method)
	at java.base/jdk.internal.reflect.NativeMethodAccessorImpl.invoke(NativeMethodAccessorImpl.java:62)
	at java.base/jdk.internal.reflect.DelegatingMethodAccessorImpl.invoke(DelegatingMethodAccessorImpl.java:43)
	at java.base/java.lang.reflect.Method.invoke(Method.java:566)
	at org.junit.platform.commons.util.ReflectionUtils.invokeMethod(ReflectionUtils.java:725)
	at org.junit.jupiter.engine.execution.MethodInvocation.proceed(MethodInvocation.java:60)
	at org.junit.jupiter.engine.execution.InvocationInterceptorChain$ValidatingInvocation.proceed(InvocationInterceptorChain.java:131)
	at org.junit.jupiter.engine.extension.TimeoutExtension.intercept(TimeoutExtension.java:149)
	at org.junit.jupiter.engine.extension.TimeoutExtension.interceptTestableMethod(TimeoutExtension.java:140)
	at org.junit.jupiter.engine.extension.TimeoutExtension.interceptTestMethod(TimeoutExtension.java:84)
	at org.junit.jupiter.engine.execution.ExecutableInvoker$ReflectiveInterceptorCall.lambda$ofVoidMethod$0(ExecutableInvoker.java:115)
	at org.junit.jupiter.engine.execution.ExecutableInvoker.lambda$invoke$0(ExecutableInvoker.java:105)
	at org.junit.jupiter.engine.execution.InvocationInterceptorChain$InterceptedInvocation.proceed(InvocationInterceptorChain.java:106)
	at org.junit.jupiter.engine.execution.InvocationInterceptorChain.proceed(InvocationInterceptorChain.java:64)
	at org.junit.jupiter.engine.execution.InvocationInterceptorChain.chainAndInvoke(InvocationInterceptorChain.java:45)
	at org.junit.jupiter.engine.execution.InvocationInterceptorChain.invoke(InvocationInterceptorChain.java:37)
	at org.junit.jupiter.engine.execution.ExecutableInvoker.invoke(ExecutableInvoker.java:104)
	at org.junit.jupiter.engine.execution.ExecutableInvoker.invoke(ExecutableInvoker.java:98)
	at org.junit.jupiter.engine.descriptor.TestMethodTestDescriptor.lambda$invokeTestMethod$7(TestMethodTestDescriptor.java:214)
	at org.junit.platform.engine.support.hierarchical.ThrowableCollector.execute(ThrowableCollector.java:73)
	at org.junit.jupiter.engine.descriptor.TestMethodTestDescriptor.invokeTestMethod(TestMethodTestDescriptor.java:210)
	at org.junit.jupiter.engine.descriptor.TestMethodTestDescriptor.execute(TestMethodTestDescriptor.java:135)
	at org.junit.jupiter.engine.descriptor.TestMethodTestDescriptor.execute(TestMethodTestDescriptor.java:66)
	at org.junit.platform.engine.support.hierarchical.NodeTestTask.lambda$executeRecursively$6(NodeTestTask.java:151)
	at org.junit.platform.engine.support.hierarchical.ThrowableCollector.execute(ThrowableCollector.java:73)
	at org.junit.platform.engine.support.hierarchical.NodeTestTask.lambda$executeRecursively$8(NodeTestTask.java:141)
	at org.junit.platform.engine.support.hierarchical.Node.around(Node.java:137)
	at org.junit.platform.engine.support.hierarchical.NodeTestTask.lambda$executeRecursively$9(NodeTestTask.java:139)
	at org.junit.platform.engine.support.hierarchical.ThrowableCollector.execute(ThrowableCollector.java:73)
	at org.junit.platform.engine.support.hierarchical.NodeTestTask.executeRecursively(NodeTestTask.java:138)
	at org.junit.platform.engine.support.hierarchical.NodeTestTask.execute(NodeTestTask.java:95)
	at java.base/java.util.ArrayList.forEach(ArrayList.java:1541)
	at org.junit.platform.engine.support.hierarchical.SameThreadHierarchicalTestExecutorService.invokeAll(SameThreadHierarchicalTestExecutorService.java:41)
	at org.junit.platform.engine.support.hierarchical.NodeTestTask.lambda$executeRecursively$6(NodeTestTask.java:155)
	at org.junit.platform.engine.support.hierarchical.ThrowableCollector.execute(ThrowableCollector.java:73)
	at org.junit.platform.engine.support.hierarchical.NodeTestTask.lambda$executeRecursively$8(NodeTestTask.java:141)
	at org.junit.platform.engine.support.hierarchical.Node.around(Node.java:137)
	at org.junit.platform.engine.support.hierarchical.NodeTestTask.lambda$executeRecursively$9(NodeTestTask.java:139)
	at org.junit.platform.engine.support.hierarchical.ThrowableCollector.execute(ThrowableCollector.java:73)
	at org.junit.platform.engine.support.hierarchical.NodeTestTask.executeRecursively(NodeTestTask.java:138)
	at org.junit.platform.engine.support.hierarchical.NodeTestTask.execute(NodeTestTask.java:95)
	at java.base/java.util.ArrayList.forEach(ArrayList.java:1541)
	at org.junit.platform.engine.support.hierarchical.SameThreadHierarchicalTestExecutorService.invokeAll(SameThreadHierarchicalTestExecutorService.java:41)
	at org.junit.platform.engine.support.hierarchical.NodeTestTask.lambda$executeRecursively$6(NodeTestTask.java:155)
	at org.junit.platform.engine.support.hierarchical.ThrowableCollector.execute(ThrowableCollector.java:73)
	at org.junit.platform.engine.support.hierarchical.NodeTestTask.lambda$executeRecursively$8(NodeTestTask.java:141)
	at org.junit.platform.engine.support.hierarchical.Node.around(Node.java:137)
	at org.junit.platform.engine.support.hierarchical.NodeTestTask.lambda$executeRecursively$9(NodeTestTask.java:139)
	at org.junit.platform.engine.support.hierarchical.ThrowableCollector.execute(ThrowableCollector.java:73)
	at org.junit.platform.engine.support.hierarchical.NodeTestTask.executeRecursively(NodeTestTask.java:138)
	at org.junit.platform.engine.support.hierarchical.NodeTestTask.execute(NodeTestTask.java:95)
	at org.junit.platform.engine.support.hierarchical.SameThreadHierarchicalTestExecutorService.submit(SameThreadHierarchicalTestExecutorService.java:35)
	at org.junit.platform.engine.support.hierarchical.HierarchicalTestExecutor.execute(HierarchicalTestExecutor.java:57)
	at org.junit.platform.engine.support.hierarchical.HierarchicalTestEngine.execute(HierarchicalTestEngine.java:54)
	at org.junit.platform.launcher.core.DefaultLauncher.execute(DefaultLauncher.java:220)
	at org.junit.platform.launcher.core.DefaultLauncher.lambda$execute$6(DefaultLauncher.java:188)
	at org.junit.platform.launcher.core.DefaultLauncher.withInterceptedStreams(DefaultLauncher.java:202)
	at org.junit.platform.launcher.core.DefaultLauncher.execute(DefaultLauncher.java:181)
	at org.junit.platform.launcher.core.DefaultLauncher.execute(DefaultLauncher.java:128)
	at org.apache.maven.surefire.junitplatform.JUnitPlatformProvider.invokeAllTests(JUnitPlatformProvider.java:150)
	at org.apache.maven.surefire.junitplatform.JUnitPlatformProvider.invoke(JUnitPlatformProvider.java:124)
	at org.apache.maven.surefire.booter.ForkedBooter.invokeProviderInSameClassLoader(ForkedBooter.java:384)
	at org.apache.maven.surefire.booter.ForkedBooter.runSuitesInProcess(ForkedBooter.java:345)
	at org.apache.maven.surefire.booter.ForkedBooter.execute(ForkedBooter.java:126)
	at org.apache.maven.surefire.booter.ForkedBooter.main(ForkedBooter.java:418)
18:18:43.469 [main] DEBUG org.springframework.test.web.servlet.TestDispatcherServlet - Failed to complete request: javax.servlet.ServletException: Circular view path [borrow-records]: would dispatch back to the current handler URL [/borrow-records] again. Check your ViewResolver setup! (Hint: This may be the result of an unspecified view, due to default view name generation.)
]]></system-out>
  </testcase>
  <testcase name="testUpdateBorrowRecord_Valid" classname="com.example.controller.BorrowRecordControllerTest" time="0.041">
    <failure message="Flash attribute &apos;success&apos; expected:&lt;Cập nhật phiếu mượn thành công&gt; but was:&lt;null&gt;" type="java.lang.AssertionError"><![CDATA[java.lang.AssertionError: Flash attribute 'success' expected:<Cập nhật phiếu mượn thành công> but was:<null>
	at com.example.controller.BorrowRecordControllerTest.testUpdateBorrowRecord_Valid(BorrowRecordControllerTest.java:141)
]]></failure>
    <system-out><![CDATA[18:18:43.484 [main] DEBUG _org.springframework.web.servlet.HandlerMapping.Mappings - 
	c.e.c.BorrowRecordController:
	{GET [/borrow-records]}: showBorrowRecords(Model)
	{POST [/borrow-records/add]}: addBorrowRecord(BorrowRecord,RedirectAttributes)
	{GET [/borrow-records/edit/{id}]}: showEditBorrowRecordForm(String,Model,RedirectAttributes)
	{POST [/borrow-records/update]}: updateBorrowRecord(BorrowRecord,RedirectAttributes)
	{GET [/borrow-records/delete/{id}]}: deleteBorrowRecord(String,RedirectAttributes)
18:18:43.484 [main] DEBUG org.springframework.web.servlet.mvc.method.annotation.RequestMappingHandlerMapping - 5 mappings in org.springframework.web.servlet.mvc.method.annotation.RequestMappingHandlerMapping
18:18:43.491 [main] DEBUG org.springframework.web.servlet.mvc.method.annotation.RequestMappingHandlerAdapter - ControllerAdvice beans: 0 @ModelAttribute, 0 @InitBinder, 1 RequestBodyAdvice, 1 ResponseBodyAdvice
18:18:43.502 [main] DEBUG org.springframework.web.servlet.mvc.method.annotation.ExceptionHandlerExceptionResolver - ControllerAdvice beans: 0 @ExceptionHandler, 1 ResponseBodyAdvice
18:18:43.502 [main] INFO org.springframework.mock.web.MockServletContext - Initializing Spring TestDispatcherServlet ''
18:18:43.503 [main] INFO org.springframework.test.web.servlet.TestDispatcherServlet - Initializing Servlet ''
18:18:43.503 [main] DEBUG org.springframework.test.web.servlet.TestDispatcherServlet - Detected AcceptHeaderLocaleResolver
18:18:43.503 [main] DEBUG org.springframework.test.web.servlet.TestDispatcherServlet - Detected FixedThemeResolver
18:18:43.503 [main] DEBUG org.springframework.test.web.servlet.TestDispatcherServlet - Detected org.springframework.web.servlet.view.DefaultRequestToViewNameTranslator@4437ac07
18:18:43.503 [main] DEBUG org.springframework.test.web.servlet.TestDispatcherServlet - Detected org.springframework.web.servlet.support.SessionFlashMapManager@3f1ed068
18:18:43.503 [main] DEBUG org.springframework.test.web.servlet.TestDispatcherServlet - enableLoggingRequestDetails='false': request parameters and headers will be masked to prevent unsafe logging of potentially sensitive data
18:18:43.503 [main] INFO org.springframework.test.web.servlet.TestDispatcherServlet - Completed initialization in 0 ms
18:18:43.504 [main] DEBUG org.springframework.test.web.servlet.TestDispatcherServlet - POST "/borrow-records/update", parameters={masked}
18:18:43.504 [main] DEBUG org.springframework.web.servlet.mvc.method.annotation.RequestMappingHandlerMapping - Mapped to com.example.controller.BorrowRecordController#updateBorrowRecord(BorrowRecord, RedirectAttributes)
Hoàn tất thiết lập ID sách
Hoàn tất thiết lập ngày mượn
Hoàn tất thiết lập ID phiếu mượn
Hoàn tất thiết lập ID độc giả
Hoàn tất thiết lập ngày trả
Hoàn tất thao tác cập nhật phiếu mượn
18:18:43.508 [main] DEBUG org.springframework.web.servlet.view.RedirectView - View [RedirectView], model {}
18:18:43.510 [main] DEBUG org.springframework.test.web.servlet.TestDispatcherServlet - Completed 302 FOUND
]]></system-out>
  </testcase>
</testsuite>